2020-11-23 12:46:32,397 [ 1] INFO  Unity: LoadingManager start
2020-11-23 12:46:36,427 [ 1] INFO  Unity: DataManager > DataManager()
2020-11-23 12:46:55,848 [ 1] INFO  Unity: UserLoginRequest::user :1122 psw:1122
2020-11-23 12:46:55,850 [ 1] INFO  Unity: ConnectToServer() Start 
2020-11-23 12:46:55,853 [ 1] INFO  Unity: DoConnect
2020-11-23 12:46:55,854 [ 1] INFO  Unity: NetClient.DoConnect on 127.0.0.1:8000
2020-11-23 12:46:55,855 [ 1] INFO  Unity: Connect[0] to server 127.0.0.1:8000

2020-11-23 12:46:55,860 [ 1] INFO  Unity: LoadingMesager::OnGameServerConnect :0 reason:Success
2020-11-23 12:46:56,227 [ 1] INFO  Unity: OnLogin:Success [None]
2020-11-23 12:46:56,227 [ 1] INFO  Unity: 登录成功
2020-11-23 12:46:56,228 [ 1] INFO  Unity: LoadLevel: CharSelect
2020-11-23 12:46:56,356 [ 1] INFO  Unity: LevelLoadCompleted:1
2020-11-23 12:46:59,090 [ 1] INFO  Unity: SendUserGameEnter::roleInex :0
2020-11-23 12:46:59,106 [ 1] INFO  Unity: OnGameEnter:Success [None]
2020-11-23 12:46:59,106 [ 1] INFO  Unity: OnMapCharacterEnter:Map:1 Count:3
2020-11-23 12:46:59,107 [ 1] INFO  Unity: AddCharacter:3:archer1 Map:1 Entity:(3:pos:(5000,4000,820),dir:(100,0,0),spd:0
2020-11-23 12:46:59,110 [ 1] INFO  Unity: AddCharacter:1:archer1 Map:1 Entity:(1:pos:(5040,4353,800),dir:(-81,58,0),spd:0
2020-11-23 12:46:59,110 [ 1] INFO  Unity: AddCharacter:2:warrior1 Map:1 Entity:(2:pos:(5000,4000,820),dir:(93,-36,0),spd:0
2020-11-23 12:46:59,110 [ 1] INFO  Unity: LoadLevel: MainCity
2020-11-23 12:46:59,452 [ 1] INFO  Unity: LevelLoadCompleted:1
2020-11-23 12:47:01,447 [ 1] INFO  Unity: SetDirection:(98, -18, 0)
2020-11-23 12:47:01,448 [ 1] INFO  Unity: SendMapEntitySync:ID:3 Pos:SkillBridge.Message.NVector3 Dir:SkillBridge.Message.NVector3 Spd:0
2020-11-23 12:47:01,544 [ 1] INFO  Unity: SetDirection:(93, -36, 0)
2020-11-23 12:47:01,544 [ 1] INFO  Unity: SendMapEntitySync:ID:3 Pos:SkillBridge.Message.NVector3 Dir:SkillBridge.Message.NVector3 Spd:0
2020-11-23 12:47:01,641 [ 1] INFO  Unity: SetDirection:(84, -54, 0)
2020-11-23 12:47:01,642 [ 1] INFO  Unity: SendMapEntitySync:ID:3 Pos:SkillBridge.Message.NVector3 Dir:SkillBridge.Message.NVector3 Spd:0
2020-11-23 12:47:01,725 [ 1] INFO  Unity: SetDirection:(73, -68, 0)
2020-11-23 12:47:01,725 [ 1] INFO  Unity: SendMapEntitySync:ID:3 Pos:SkillBridge.Message.NVector3 Dir:SkillBridge.Message.NVector3 Spd:0
2020-11-23 12:47:01,808 [ 1] INFO  Unity: SetDirection:(60, -80, 0)
2020-11-23 12:47:01,809 [ 1] INFO  Unity: SendMapEntitySync:ID:3 Pos:SkillBridge.Message.NVector3 Dir:SkillBridge.Message.NVector3 Spd:0
2020-11-23 12:47:01,913 [ 1] INFO  Unity: SetDirection:(42, -91, 0)
2020-11-23 12:47:01,913 [ 1] INFO  Unity: SendMapEntitySync:ID:3 Pos:SkillBridge.Message.NVector3 Dir:SkillBridge.Message.NVector3 Spd:0
2020-11-23 12:47:01,996 [ 1] INFO  Unity: MoveForward
2020-11-23 12:47:01,996 [ 1] INFO  Unity: SendMapEntitySync:ID:3 Pos:SkillBridge.Message.NVector3 Dir:SkillBridge.Message.NVector3 Spd:300
2020-11-23 12:47:02,011 [ 1] INFO  Unity: SetDirection:(25, -97, 0)
2020-11-23 12:47:02,011 [ 1] INFO  Unity: SendMapEntitySync:ID:3 Pos:SkillBridge.Message.NVector3 Dir:SkillBridge.Message.NVector3 Spd:300
2020-11-23 12:47:02,032 [ 1] INFO  Unity: SetPosition:(5028, 3938, 852)
2020-11-23 12:47:02,032 [ 1] INFO  Unity: SendMapEntitySync:ID:3 Pos:SkillBridge.Message.NVector3 Dir:SkillBridge.Message.NVector3 Spd:300
2020-11-23 12:47:02,096 [ 1] INFO  Unity: OnEntityChanged : ID:2 POS:(4979, 4055, 838) DIR:(93, -36, 0) SPD:0 
2020-11-23 12:47:02,096 [ 1] INFO  Unity: MapEntitySyncResponse: entitys:1
    [2evt:None entity:(2:pos:(4979,4055,838),dir:(93,-36,0),spd:0

2020-11-23 12:47:02,212 [ 1] INFO  Unity: SetDirection:(8, -100, 0)
2020-11-23 12:47:02,212 [ 1] INFO  Unity: SendMapEntitySync:ID:3 Pos:SkillBridge.Message.NVector3 Dir:SkillBridge.Message.NVector3 Spd:300
2020-11-23 12:47:02,366 [ 1] INFO  Unity: SetPosition:(5052, 3823, 806)
2020-11-23 12:47:02,366 [ 1] INFO  Unity: SendMapEntitySync:ID:3 Pos:SkillBridge.Message.NVector3 Dir:SkillBridge.Message.NVector3 Spd:300
2020-11-23 12:47:03,262 [ 1] INFO  Unity: Stop
2020-11-23 12:47:03,262 [ 1] INFO  Unity: SendMapEntitySync:ID:3 Pos:SkillBridge.Message.NVector3 Dir:SkillBridge.Message.NVector3 Spd:0
2020-11-23 12:47:04,271 [ 1] INFO  Unity: OnEntityChanged : ID:2 POS:(4979, 4055, 838) DIR:(93, -36, 0) SPD:300 
2020-11-23 12:47:04,271 [ 1] INFO  Unity: MapEntitySyncResponse: entitys:1
    [2evt:MoveFwd entity:(2:pos:(4979,4055,838),dir:(93,-36,0),spd:300

2020-11-23 12:47:04,653 [ 1] INFO  Unity: OnEntityChanged : ID:2 POS:(5094, 4009, 838) DIR:(93, -36, 0) SPD:0 
2020-11-23 12:47:04,654 [ 1] INFO  Unity: MapEntitySyncResponse: entitys:1
    [2evt:Idle entity:(2:pos:(5094,4009,838),dir:(93,-36,0),spd:0

2020-11-23 12:47:04,681 [ 1] INFO  Unity: OnEntityChanged : ID:2 POS:(5094, 4009, 838) DIR:(85, -53, 0) SPD:0 
2020-11-23 12:47:04,681 [ 1] INFO  Unity: MapEntitySyncResponse: entitys:1
    [2evt:None entity:(2:pos:(5094,4009,838),dir:(85,-53,0),spd:0

2020-11-23 12:47:04,785 [ 1] INFO  Unity: OnEntityChanged : ID:2 POS:(5094, 4009, 838) DIR:(73, -68, 0) SPD:0 
2020-11-23 12:47:04,785 [ 1] INFO  Unity: MapEntitySyncResponse: entitys:1
    [2evt:None entity:(2:pos:(5094,4009,838),dir:(73,-68,0),spd:0

2020-11-23 12:47:04,869 [ 1] INFO  Unity: OnEntityChanged : ID:2 POS:(5094, 4009, 838) DIR:(73, -68, 0) SPD:300 
2020-11-23 12:47:04,869 [ 1] INFO  Unity: MapEntitySyncResponse: entitys:1
    [2evt:MoveFwd entity:(2:pos:(5094,4009,838),dir:(73,-68,0),spd:300

2020-11-23 12:47:04,890 [ 1] INFO  Unity: OnEntityChanged : ID:2 POS:(5102, 4003, 838) DIR:(60, -80, 0) SPD:300 
2020-11-23 12:47:04,890 [ 1] INFO  Unity: MapEntitySyncResponse: entitys:1
    [2evt:None entity:(2:pos:(5102,4003,838),dir:(60,-80,0),spd:300

2020-11-23 12:47:05,050 [ 1] INFO  Unity: OnEntityChanged : ID:2 POS:(5132, 3963, 838) DIR:(44, -90, 0) SPD:300 
2020-11-23 12:47:05,050 [ 1] INFO  Unity: MapEntitySyncResponse: entitys:1
    [2evt:None entity:(2:pos:(5132,3963,838),dir:(44,-90,0),spd:300

2020-11-23 12:47:05,251 [ 1] INFO  Unity: OnEntityChanged : ID:2 POS:(5156, 3903, 838) DIR:(28, -96, 0) SPD:300 
2020-11-23 12:47:05,251 [ 1] INFO  Unity: MapEntitySyncResponse: entitys:1
    [2evt:None entity:(2:pos:(5156,3903,838),dir:(28,-96,0),spd:300

2020-11-23 12:47:06,329 [ 1] INFO  Unity: OnEntityChanged : ID:2 POS:(5242, 3606, 799) DIR:(28, -96, 0) SPD:300 
2020-11-23 12:47:06,330 [ 1] INFO  Unity: MapEntitySyncResponse: entitys:1
    [2evt:None entity:(2:pos:(5242,3606,799),dir:(28,-96,0),spd:300

2020-11-23 12:47:06,545 [ 1] INFO  Unity: OnEntityChanged : ID:2 POS:(5255, 3541, 799) DIR:(10, -99, 0) SPD:300 
2020-11-23 12:47:06,545 [ 1] INFO  Unity: MapEntitySyncResponse: entitys:1
    [2evt:None entity:(2:pos:(5255,3541,799),dir:(10,-99,0),spd:300

2020-11-23 12:47:06,636 [ 1] INFO  Unity: OnEntityChanged : ID:2 POS:(5261, 3511, 799) DIR:(-8, -100, 0) SPD:300 
2020-11-23 12:47:06,636 [ 1] INFO  Unity: MapEntitySyncResponse: entitys:1
    [2evt:None entity:(2:pos:(5261,3511,799),dir:(-8,-100,0),spd:300

2020-11-23 12:47:06,739 [ 1] INFO  Unity: OnEntityChanged : ID:2 POS:(5261, 3481, 799) DIR:(-28, -96, 0) SPD:300 
2020-11-23 12:47:06,740 [ 1] INFO  Unity: MapEntitySyncResponse: entitys:1
    [2evt:None entity:(2:pos:(5261,3481,799),dir:(-28,-96,0),spd:300

2020-11-23 12:47:06,857 [ 1] INFO  Unity: OnEntityChanged : ID:2 POS:(5254, 3446, 799) DIR:(-46, -89, 0) SPD:300 
2020-11-23 12:47:06,858 [ 1] INFO  Unity: MapEntitySyncResponse: entitys:1
    [2evt:None entity:(2:pos:(5254,3446,799),dir:(-46,-89,0),spd:300

2020-11-23 12:47:07,066 [ 1] INFO  Unity: OnEntityChanged : ID:2 POS:(5228, 3394, 799) DIR:(-61, -79, 0) SPD:300 
2020-11-23 12:47:07,066 [ 1] INFO  Unity: MapEntitySyncResponse: entitys:1
    [2evt:None entity:(2:pos:(5228,3394,799),dir:(-61,-79,0),spd:300

2020-11-23 12:47:07,205 [ 1] INFO  Unity: OnEntityChanged : ID:2 POS:(5204, 3362, 799) DIR:(-74, -67, 0) SPD:300 
2020-11-23 12:47:07,205 [ 1] INFO  Unity: MapEntitySyncResponse: entitys:1
    [2evt:None entity:(2:pos:(5204,3362,799),dir:(-74,-67,0),spd:300

2020-11-23 12:47:07,629 [ 1] INFO  Unity: OnEntityChanged : ID:2 POS:(5104, 3287, 799) DIR:(-74, -67, 0) SPD:0 
2020-11-23 12:47:07,630 [ 1] INFO  Unity: MapEntitySyncResponse: entitys:1
    [2evt:Idle entity:(2:pos:(5104,3287,799),dir:(-74,-67,0),spd:0

2020-11-23 12:47:07,789 [ 1] INFO  Unity: OnEntityChanged : ID:2 POS:(5104, 3287, 799) DIR:(-85, -53, 0) SPD:0 
2020-11-23 12:47:07,790 [ 1] INFO  Unity: MapEntitySyncResponse: entitys:1
    [2evt:None entity:(2:pos:(5104,3287,799),dir:(-85,-53,0),spd:0

2020-11-23 12:47:07,949 [ 1] INFO  Unity: OnEntityChanged : ID:2 POS:(5104, 3287, 799) DIR:(-93, -35, 0) SPD:0 
2020-11-23 12:47:07,949 [ 1] INFO  Unity: MapEntitySyncResponse: entitys:1
    [2evt:None entity:(2:pos:(5104,3287,799),dir:(-93,-35,0),spd:0

2020-11-23 12:47:08,040 [ 1] INFO  Unity: OnEntityChanged : ID:2 POS:(5104, 3287, 799) DIR:(-99, -16, 0) SPD:0 
2020-11-23 12:47:08,040 [ 1] INFO  Unity: MapEntitySyncResponse: entitys:1
    [2evt:None entity:(2:pos:(5104,3287,799),dir:(-99,-16,0),spd:0

2020-11-23 12:47:08,144 [ 1] INFO  Unity: OnEntityChanged : ID:2 POS:(5104, 3287, 799) DIR:(-100, 5, 0) SPD:0 
2020-11-23 12:47:08,144 [ 1] INFO  Unity: MapEntitySyncResponse: entitys:1
    [2evt:None entity:(2:pos:(5104,3287,799),dir:(-100,5,0),spd:0

2020-11-23 12:47:08,247 [ 1] INFO  Unity: OnEntityChanged : ID:2 POS:(5104, 3287, 799) DIR:(-97, 25, 0) SPD:0 
2020-11-23 12:47:08,248 [ 1] INFO  Unity: MapEntitySyncResponse: entitys:1
    [2evt:None entity:(2:pos:(5104,3287,799),dir:(-97,25,0),spd:0

2020-11-23 12:47:08,331 [ 1] INFO  Unity: OnEntityChanged : ID:2 POS:(5104, 3287, 799) DIR:(-91, 42, 0) SPD:0 
2020-11-23 12:47:08,331 [ 1] INFO  Unity: MapEntitySyncResponse: entitys:1
    [2evt:None entity:(2:pos:(5104,3287,799),dir:(-91,42,0),spd:0

2020-11-23 12:47:08,422 [ 1] INFO  Unity: OnEntityChanged : ID:2 POS:(5104, 3287, 799) DIR:(-80, 60, 0) SPD:0 
2020-11-23 12:47:08,423 [ 1] INFO  Unity: MapEntitySyncResponse: entitys:1
    [2evt:None entity:(2:pos:(5104,3287,799),dir:(-80,60,0),spd:0

2020-11-23 12:47:08,526 [ 1] INFO  Unity: OnEntityChanged : ID:2 POS:(5104, 3287, 799) DIR:(-66, 75, 0) SPD:0 
2020-11-23 12:47:08,527 [ 1] INFO  Unity: MapEntitySyncResponse: entitys:1
    [2evt:None entity:(2:pos:(5104,3287,799),dir:(-66,75,0),spd:0

2020-11-23 12:47:08,616 [ 1] INFO  Unity: OnEntityChanged : ID:2 POS:(5104, 3287, 799) DIR:(-52, 85, 0) SPD:0 
2020-11-23 12:47:08,616 [ 1] INFO  Unity: MapEntitySyncResponse: entitys:1
    [2evt:None entity:(2:pos:(5104,3287,799),dir:(-52,85,0),spd:0

2020-11-23 12:47:08,707 [ 1] INFO  Unity: OnEntityChanged : ID:2 POS:(5104, 3287, 799) DIR:(-36, 93, 0) SPD:0 
2020-11-23 12:47:08,707 [ 1] INFO  Unity: MapEntitySyncResponse: entitys:1
    [2evt:None entity:(2:pos:(5104,3287,799),dir:(-36,93,0),spd:0

2020-11-23 12:47:08,804 [ 1] INFO  Unity: OnEntityChanged : ID:2 POS:(5104, 3287, 799) DIR:(-16, 99, 0) SPD:0 
2020-11-23 12:47:08,805 [ 1] INFO  Unity: MapEntitySyncResponse: entitys:1
    [2evt:None entity:(2:pos:(5104,3287,799),dir:(-16,99,0),spd:0

2020-11-23 12:47:08,901 [ 1] INFO  Unity: OnEntityChanged : ID:2 POS:(5104, 3287, 799) DIR:(5, 100, 0) SPD:0 
2020-11-23 12:47:08,901 [ 1] INFO  Unity: MapEntitySyncResponse: entitys:1
    [2evt:None entity:(2:pos:(5104,3287,799),dir:(5,100,0),spd:0

2020-11-23 12:47:08,999 [ 1] INFO  Unity: OnEntityChanged : ID:2 POS:(5104, 3287, 799) DIR:(25, 97, 0) SPD:0 
2020-11-23 12:47:08,999 [ 1] INFO  Unity: MapEntitySyncResponse: entitys:1
    [2evt:None entity:(2:pos:(5104,3287,799),dir:(25,97,0),spd:0

2020-11-23 12:47:09,090 [ 1] INFO  Unity: OnEntityChanged : ID:2 POS:(5104, 3287, 799) DIR:(42, 91, 0) SPD:0 
2020-11-23 12:47:09,090 [ 1] INFO  Unity: MapEntitySyncResponse: entitys:1
    [2evt:None entity:(2:pos:(5104,3287,799),dir:(42,91,0),spd:0

2020-11-23 12:47:09,186 [ 1] INFO  Unity: OnEntityChanged : ID:2 POS:(5104, 3287, 799) DIR:(59, 81, 0) SPD:-300 
2020-11-23 12:47:09,187 [ 1] INFO  Unity: MapEntitySyncResponse: entitys:1
    [2evt:MoveBack entity:(2:pos:(5104,3287,799),dir:(59,81,0),spd:-300

2020-11-23 12:47:09,215 [ 1] INFO  Unity: OnEntityChanged : ID:2 POS:(5104, 3287, 799) DIR:(59, 81, 0) SPD:-300 
2020-11-23 12:47:09,215 [ 1] INFO  Unity: MapEntitySyncResponse: entitys:1
    [2evt:None entity:(2:pos:(5104,3287,799),dir:(59,81,0),spd:-300

2020-11-23 12:47:09,292 [ 1] INFO  Unity: OnEntityChanged : ID:2 POS:(5083, 3259, 799) DIR:(72, 69, 0) SPD:-300 
2020-11-23 12:47:09,292 [ 1] INFO  Unity: MapEntitySyncResponse: entitys:1
    [2evt:None entity:(2:pos:(5083,3259,799),dir:(72,69,0),spd:-300

2020-11-23 12:47:10,236 [ 1] INFO  Unity: OnEntityChanged : ID:2 POS:(4899, 3063, 799) DIR:(72, 69, 0) SPD:-300 
2020-11-23 12:47:10,236 [ 1] INFO  Unity: MapEntitySyncResponse: entitys:1
    [2evt:None entity:(2:pos:(4899,3063,799),dir:(72,69,0),spd:-300

2020-11-23 12:47:10,376 [ 1] INFO  Unity: OnEntityChanged : ID:2 POS:(4871, 3042, 799) DIR:(72, 69, 0) SPD:0 
2020-11-23 12:47:10,376 [ 1] INFO  Unity: MapEntitySyncResponse: entitys:1
    [2evt:Idle entity:(2:pos:(4871,3042,799),dir:(72,69,0),spd:0

2020-11-23 12:47:10,403 [ 1] INFO  Unity: OnEntityChanged : ID:2 POS:(4871, 3042, 799) DIR:(72, 69, 0) SPD:300 
2020-11-23 12:47:10,403 [ 1] INFO  Unity: MapEntitySyncResponse: entitys:1
    [2evt:MoveFwd entity:(2:pos:(4871,3042,799),dir:(72,69,0),spd:300

2020-11-23 12:47:10,967 [ 1] INFO  Unity: OnEntityChanged : ID:2 POS:(5011, 3147, 799) DIR:(72, 69, 0) SPD:0 
2020-11-23 12:47:10,967 [ 1] INFO  Unity: MapEntitySyncResponse: entitys:1
    [2evt:Idle entity:(2:pos:(5011,3147,799),dir:(72,69,0),spd:0

2020-11-23 12:47:11,015 [ 1] INFO  Unity: OnEntityChanged : ID:2 POS:(5011, 3147, 799) DIR:(59, 81, 0) SPD:0 
2020-11-23 12:47:11,015 [ 1] INFO  Unity: MapEntitySyncResponse: entitys:1
    [2evt:None entity:(2:pos:(5011,3147,799),dir:(59,81,0),spd:0

2020-11-23 12:47:11,114 [ 1] INFO  Unity: OnEntityChanged : ID:2 POS:(5011, 3147, 799) DIR:(41, 91, 0) SPD:0 
2020-11-23 12:47:11,114 [ 1] INFO  Unity: MapEntitySyncResponse: entitys:1
    [2evt:None entity:(2:pos:(5011,3147,799),dir:(41,91,0),spd:0

2020-11-23 12:47:11,217 [ 1] INFO  Unity: OnEntityChanged : ID:2 POS:(5011, 3147, 799) DIR:(21, 98, 0) SPD:0 
2020-11-23 12:47:11,217 [ 1] INFO  Unity: MapEntitySyncResponse: entitys:1
    [2evt:None entity:(2:pos:(5011,3147,799),dir:(21,98,0),spd:0

2020-11-23 12:47:11,315 [ 1] INFO  Unity: OnEntityChanged : ID:2 POS:(5011, 3147, 799) DIR:(2, 100, 0) SPD:0 
2020-11-23 12:47:11,315 [ 1] INFO  Unity: MapEntitySyncResponse: entitys:1
    [2evt:None entity:(2:pos:(5011,3147,799),dir:(2,100,0),spd:0

2020-11-23 12:47:11,488 [ 1] INFO  Unity: OnEntityChanged : ID:2 POS:(5011, 3147, 799) DIR:(-16, 99, 0) SPD:0 
2020-11-23 12:47:11,488 [ 1] INFO  Unity: MapEntitySyncResponse: entitys:1
    [2evt:None entity:(2:pos:(5011,3147,799),dir:(-16,99,0),spd:0

2020-11-23 12:47:13,150 [ 1] INFO  Unity: SetDirection:(-10, -99, 0)
2020-11-23 12:47:13,150 [ 1] INFO  Unity: SendMapEntitySync:ID:3 Pos:SkillBridge.Message.NVector3 Dir:SkillBridge.Message.NVector3 Spd:0
2020-11-23 12:47:13,184 [ 1] INFO  Unity: MoveForward
2020-11-23 12:47:13,185 [ 1] INFO  Unity: SendMapEntitySync:ID:3 Pos:SkillBridge.Message.NVector3 Dir:SkillBridge.Message.NVector3 Spd:300
2020-11-23 12:47:13,268 [ 1] INFO  Unity: SetDirection:(-30, -95, 0)
2020-11-23 12:47:13,268 [ 1] INFO  Unity: SendMapEntitySync:ID:3 Pos:SkillBridge.Message.NVector3 Dir:SkillBridge.Message.NVector3 Spd:300
2020-11-23 12:47:13,386 [ 1] INFO  Unity: SetDirection:(-49, -87, 0)
2020-11-23 12:47:13,386 [ 1] INFO  Unity: SendMapEntitySync:ID:3 Pos:SkillBridge.Message.NVector3 Dir:SkillBridge.Message.NVector3 Spd:300
2020-11-23 12:47:13,470 [ 1] INFO  Unity: SetDirection:(-64, -77, 0)
2020-11-23 12:47:13,470 [ 1] INFO  Unity: SendMapEntitySync:ID:3 Pos:SkillBridge.Message.NVector3 Dir:SkillBridge.Message.NVector3 Spd:300
2020-11-23 12:47:13,567 [ 1] INFO  Unity: SetDirection:(-78, -62, 0)
2020-11-23 12:47:13,568 [ 1] INFO  Unity: SendMapEntitySync:ID:3 Pos:SkillBridge.Message.NVector3 Dir:SkillBridge.Message.NVector3 Spd:300
2020-11-23 12:47:13,685 [ 1] INFO  Unity: SetDirection:(-89, -46, 0)
2020-11-23 12:47:13,685 [ 1] INFO  Unity: SendMapEntitySync:ID:3 Pos:SkillBridge.Message.NVector3 Dir:SkillBridge.Message.NVector3 Spd:300
2020-11-23 12:47:14,283 [ 1] INFO  Unity: Stop
2020-11-23 12:47:14,283 [ 1] INFO  Unity: SendMapEntitySync:ID:3 Pos:SkillBridge.Message.NVector3 Dir:SkillBridge.Message.NVector3 Spd:0
2020-11-23 12:47:14,352 [ 1] INFO  Unity: MoveBack
2020-11-23 12:47:14,353 [ 1] INFO  Unity: SendMapEntitySync:ID:3 Pos:SkillBridge.Message.NVector3 Dir:SkillBridge.Message.NVector3 Spd:-300
2020-11-23 12:47:15,508 [ 1] INFO  Unity: Stop
2020-11-23 12:47:15,508 [ 1] INFO  Unity: SendMapEntitySync:ID:3 Pos:SkillBridge.Message.NVector3 Dir:SkillBridge.Message.NVector3 Spd:0
2020-11-23 12:47:15,521 [ 1] INFO  Unity: SetDirection:(-78, -63, 0)
2020-11-23 12:47:15,521 [ 1] INFO  Unity: SendMapEntitySync:ID:3 Pos:SkillBridge.Message.NVector3 Dir:SkillBridge.Message.NVector3 Spd:0
2020-11-23 12:47:15,620 [ 1] INFO  Unity: SetDirection:(-63, -77, 0)
2020-11-23 12:47:15,620 [ 1] INFO  Unity: SendMapEntitySync:ID:3 Pos:SkillBridge.Message.NVector3 Dir:SkillBridge.Message.NVector3 Spd:0
2020-11-23 12:47:15,702 [ 1] INFO  Unity: SetDirection:(-49, -87, 0)
2020-11-23 12:47:15,702 [ 1] INFO  Unity: SendMapEntitySync:ID:3 Pos:SkillBridge.Message.NVector3 Dir:SkillBridge.Message.NVector3 Spd:0
2020-11-23 12:47:15,757 [ 1] INFO  Unity: MoveForward
2020-11-23 12:47:15,757 [ 1] INFO  Unity: SendMapEntitySync:ID:3 Pos:SkillBridge.Message.NVector3 Dir:SkillBridge.Message.NVector3 Spd:300
2020-11-23 12:47:15,806 [ 1] INFO  Unity: SetDirection:(-31, -95, 0)
2020-11-23 12:47:15,806 [ 1] INFO  Unity: SendMapEntitySync:ID:3 Pos:SkillBridge.Message.NVector3 Dir:SkillBridge.Message.NVector3 Spd:300
2020-11-23 12:47:15,952 [ 1] INFO  Unity: SetDirection:(-14, -99, 0)
2020-11-23 12:47:15,953 [ 1] INFO  Unity: SendMapEntitySync:ID:3 Pos:SkillBridge.Message.NVector3 Dir:SkillBridge.Message.NVector3 Spd:300
2020-11-23 12:47:16,773 [ 1] INFO  Unity: SetPosition:(5083, 3204, 826)
2020-11-23 12:47:16,773 [ 1] INFO  Unity: SendMapEntitySync:ID:3 Pos:SkillBridge.Message.NVector3 Dir:SkillBridge.Message.NVector3 Spd:300
2020-11-23 12:47:16,787 [ 1] INFO  Unity: OnEntityChanged : ID:2 POS:(4980, 3128, 834) DIR:(-16, 99, 0) SPD:0 
2020-11-23 12:47:16,787 [ 1] INFO  Unity: MapEntitySyncResponse: entitys:1
    [2evt:None entity:(2:pos:(4980,3128,834),dir:(-16,99,0),spd:0

2020-11-23 12:47:16,843 [ 1] INFO  Unity: SetDirection:(-31, -95, 0)
2020-11-23 12:47:16,843 [ 1] INFO  Unity: SendMapEntitySync:ID:3 Pos:SkillBridge.Message.NVector3 Dir:SkillBridge.Message.NVector3 Spd:300
2020-11-23 12:47:16,940 [ 1] INFO  Unity: SetDirection:(-48, -88, 0)
2020-11-23 12:47:16,940 [ 1] INFO  Unity: SendMapEntitySync:ID:3 Pos:SkillBridge.Message.NVector3 Dir:SkillBridge.Message.NVector3 Spd:300
2020-11-23 12:47:17,023 [ 1] INFO  Unity: SetDirection:(-63, -78, 0)
2020-11-23 12:47:17,023 [ 1] INFO  Unity: SendMapEntitySync:ID:3 Pos:SkillBridge.Message.NVector3 Dir:SkillBridge.Message.NVector3 Spd:300
2020-11-23 12:47:17,073 [ 1] INFO  Unity: SetPosition:(5072, 3124, 871)
2020-11-23 12:47:17,073 [ 1] INFO  Unity: SendMapEntitySync:ID:3 Pos:SkillBridge.Message.NVector3 Dir:SkillBridge.Message.NVector3 Spd:300
2020-11-23 12:47:17,127 [ 1] INFO  Unity: SetDirection:(-77, -63, 0)
2020-11-23 12:47:17,127 [ 1] INFO  Unity: SendMapEntitySync:ID:3 Pos:SkillBridge.Message.NVector3 Dir:SkillBridge.Message.NVector3 Spd:300
2020-11-23 12:47:17,211 [ 1] INFO  Unity: SetDirection:(-87, -49, 0)
2020-11-23 12:47:17,211 [ 1] INFO  Unity: SendMapEntitySync:ID:3 Pos:SkillBridge.Message.NVector3 Dir:SkillBridge.Message.NVector3 Spd:300
2020-11-23 12:47:17,295 [ 1] INFO  Unity: SetDirection:(-94, -33, 0)
2020-11-23 12:47:17,295 [ 1] INFO  Unity: SendMapEntitySync:ID:3 Pos:SkillBridge.Message.NVector3 Dir:SkillBridge.Message.NVector3 Spd:300
2020-11-23 12:47:17,343 [ 1] INFO  Unity: SetPosition:(5047, 3061, 893)
2020-11-23 12:47:17,343 [ 1] INFO  Unity: SendMapEntitySync:ID:3 Pos:SkillBridge.Message.NVector3 Dir:SkillBridge.Message.NVector3 Spd:300
2020-11-23 12:47:17,364 [ 1] INFO  Unity: OnEntityChanged : ID:2 POS:(4933, 3123, 817) DIR:(-16, 99, 0) SPD:0 
2020-11-23 12:47:17,364 [ 1] INFO  Unity: MapEntitySyncResponse: entitys:1
    [2evt:None entity:(2:pos:(4933,3123,817),dir:(-16,99,0),spd:0

2020-11-23 12:47:17,378 [ 1] INFO  Unity: SetDirection:(-99, -16, 0)
2020-11-23 12:47:17,378 [ 1] INFO  Unity: SendMapEntitySync:ID:3 Pos:SkillBridge.Message.NVector3 Dir:SkillBridge.Message.NVector3 Spd:300
2020-11-23 12:47:17,476 [ 1] INFO  Unity: SetDirection:(-100, 5, 0)
2020-11-23 12:47:17,476 [ 1] INFO  Unity: SendMapEntitySync:ID:3 Pos:SkillBridge.Message.NVector3 Dir:SkillBridge.Message.NVector3 Spd:300
2020-11-23 12:47:17,539 [ 1] INFO  Unity: Stop
2020-11-23 12:47:17,539 [ 1] INFO  Unity: SendMapEntitySync:ID:3 Pos:SkillBridge.Message.NVector3 Dir:SkillBridge.Message.NVector3 Spd:0
2020-11-23 12:47:17,573 [ 1] INFO  Unity: SetDirection:(-97, 25, 0)
2020-11-23 12:47:17,573 [ 1] INFO  Unity: SendMapEntitySync:ID:3 Pos:SkillBridge.Message.NVector3 Dir:SkillBridge.Message.NVector3 Spd:0
2020-11-23 12:47:17,657 [ 1] INFO  Unity: SetDirection:(-91, 42, 0)
2020-11-23 12:47:17,658 [ 1] INFO  Unity: SendMapEntitySync:ID:3 Pos:SkillBridge.Message.NVector3 Dir:SkillBridge.Message.NVector3 Spd:0
2020-11-23 12:47:17,691 [ 1] INFO  Unity: SetPosition:(4995, 3049, 841)
2020-11-23 12:47:17,691 [ 1] INFO  Unity: SendMapEntitySync:ID:3 Pos:SkillBridge.Message.NVector3 Dir:SkillBridge.Message.NVector3 Spd:0
2020-11-23 12:47:17,761 [ 1] INFO  Unity: SetDirection:(-80, 60, 0)
2020-11-23 12:47:17,761 [ 1] INFO  Unity: SendMapEntitySync:ID:3 Pos:SkillBridge.Message.NVector3 Dir:SkillBridge.Message.NVector3 Spd:0
2020-11-23 12:47:17,859 [ 1] INFO  Unity: SetDirection:(-66, 75, 0)
2020-11-23 12:47:17,860 [ 1] INFO  Unity: SendMapEntitySync:ID:3 Pos:SkillBridge.Message.NVector3 Dir:SkillBridge.Message.NVector3 Spd:0
2020-11-23 12:47:17,893 [ 1] INFO  Unity: MoveBack
2020-11-23 12:47:17,893 [ 1] INFO  Unity: SendMapEntitySync:ID:3 Pos:SkillBridge.Message.NVector3 Dir:SkillBridge.Message.NVector3 Spd:-300
2020-11-23 12:47:17,976 [ 1] INFO  Unity: SetDirection:(-50, 87, 0)
2020-11-23 12:47:17,976 [ 1] INFO  Unity: SendMapEntitySync:ID:3 Pos:SkillBridge.Message.NVector3 Dir:SkillBridge.Message.NVector3 Spd:-300
2020-11-23 12:47:18,714 [ 1] INFO  Unity: SetPosition:(5116, 2849, 800)
2020-11-23 12:47:18,714 [ 1] INFO  Unity: SendMapEntitySync:ID:3 Pos:SkillBridge.Message.NVector3 Dir:SkillBridge.Message.NVector3 Spd:-300
2020-11-23 12:47:19,312 [ 1] INFO  Unity: SetDirection:(-33, 94, 0)
2020-11-23 12:47:19,312 [ 1] INFO  Unity: SendMapEntitySync:ID:3 Pos:SkillBridge.Message.NVector3 Dir:SkillBridge.Message.NVector3 Spd:-300
2020-11-23 12:47:19,465 [ 1] INFO  Unity: SetDirection:(-14, 99, 0)
2020-11-23 12:47:19,465 [ 1] INFO  Unity: SendMapEntitySync:ID:3 Pos:SkillBridge.Message.NVector3 Dir:SkillBridge.Message.NVector3 Spd:-300
2020-11-23 12:47:19,562 [ 1] INFO  Unity: SetDirection:(6, 100, 0)
2020-11-23 12:47:19,562 [ 1] INFO  Unity: SendMapEntitySync:ID:3 Pos:SkillBridge.Message.NVector3 Dir:SkillBridge.Message.NVector3 Spd:-300
2020-11-23 12:47:19,645 [ 1] INFO  Unity: SetDirection:(24, 97, 0)
2020-11-23 12:47:19,645 [ 1] INFO  Unity: SendMapEntitySync:ID:3 Pos:SkillBridge.Message.NVector3 Dir:SkillBridge.Message.NVector3 Spd:-300
2020-11-23 12:47:19,679 [ 1] INFO  Unity: Stop
2020-11-23 12:47:19,679 [ 1] INFO  Unity: SendMapEntitySync:ID:3 Pos:SkillBridge.Message.NVector3 Dir:SkillBridge.Message.NVector3 Spd:0
2020-11-23 12:47:19,749 [ 1] INFO  Unity: SetDirection:(42, 91, 0)
2020-11-23 12:47:19,749 [ 1] INFO  Unity: SendMapEntitySync:ID:3 Pos:SkillBridge.Message.NVector3 Dir:SkillBridge.Message.NVector3 Spd:0
2020-11-23 12:47:19,881 [ 1] INFO  Unity: SetDirection:(58, 82, 0)
2020-11-23 12:47:19,881 [ 1] INFO  Unity: SendMapEntitySync:ID:3 Pos:SkillBridge.Message.NVector3 Dir:SkillBridge.Message.NVector3 Spd:0
2020-11-23 12:47:20,382 [ 1] INFO  Unity: SetDirection:(41, 91, 0)
2020-11-23 12:47:20,382 [ 1] INFO  Unity: SendMapEntitySync:ID:3 Pos:SkillBridge.Message.NVector3 Dir:SkillBridge.Message.NVector3 Spd:0
2020-11-23 12:47:20,479 [ 1] INFO  Unity: SetDirection:(22, 98, 0)
2020-11-23 12:47:20,479 [ 1] INFO  Unity: SendMapEntitySync:ID:3 Pos:SkillBridge.Message.NVector3 Dir:SkillBridge.Message.NVector3 Spd:0
2020-11-23 12:47:20,597 [ 1] INFO  Unity: SetDirection:(3, 100, 0)
2020-11-23 12:47:20,597 [ 1] INFO  Unity: SendMapEntitySync:ID:3 Pos:SkillBridge.Message.NVector3 Dir:SkillBridge.Message.NVector3 Spd:0
2020-11-23 12:47:20,981 [ 1] INFO  Unity: MoveForward
2020-11-23 12:47:20,981 [ 1] INFO  Unity: SendMapEntitySync:ID:3 Pos:SkillBridge.Message.NVector3 Dir:SkillBridge.Message.NVector3 Spd:300
2020-11-23 12:47:22,051 [ 1] INFO  Unity: Stop
2020-11-23 12:47:22,051 [ 1] INFO  Unity: SendMapEntitySync:ID:3 Pos:SkillBridge.Message.NVector3 Dir:SkillBridge.Message.NVector3 Spd:0
2020-11-23 12:47:22,064 [ 1] INFO  Unity: MoveBack
2020-11-23 12:47:22,065 [ 1] INFO  Unity: SendMapEntitySync:ID:3 Pos:SkillBridge.Message.NVector3 Dir:SkillBridge.Message.NVector3 Spd:-300
2020-11-23 12:47:22,739 [ 1] INFO  Unity: Stop
2020-11-23 12:47:22,739 [ 1] INFO  Unity: SendMapEntitySync:ID:3 Pos:SkillBridge.Message.NVector3 Dir:SkillBridge.Message.NVector3 Spd:0
2020-11-23 12:47:23,434 [ 1] INFO  Unity: MoveBack
2020-11-23 12:47:23,435 [ 1] INFO  Unity: SendMapEntitySync:ID:3 Pos:SkillBridge.Message.NVector3 Dir:SkillBridge.Message.NVector3 Spd:-300
2020-11-23 12:47:24,339 [ 1] INFO  Unity: Stop
2020-11-23 12:47:24,339 [ 1] INFO  Unity: SendMapEntitySync:ID:3 Pos:SkillBridge.Message.NVector3 Dir:SkillBridge.Message.NVector3 Spd:0
2020-11-23 12:47:27,117 [ 1] INFO  Unity: OnMapCharacterLeave:characterId:2
2020-11-23 12:47:27,118 [ 1] INFO  Unity: RemoveCharacter:2
2020-11-23 12:47:27,121 [ 1] INFO  Unity: Character_2_warrior1 OnDestroy :ID:2 POS:(4933, 3123, 817) DIR:(-16, 99, 0) SPD:0 
2020-11-23 12:47:30,667 [ 1] INFO  Unity: OnMapCharacterEnter:Map:1 Count:1
2020-11-23 12:47:30,668 [ 1] INFO  Unity: AddCharacter:4:warrior1 Map:1 Entity:(4:pos:(5000,4000,820),dir:(100,0,0),spd:0
2020-11-23 12:47:33,323 [ 1] INFO  Unity: MoveForward
2020-11-23 12:47:33,323 [ 1] INFO  Unity: SendMapEntitySync:ID:3 Pos:SkillBridge.Message.NVector3 Dir:SkillBridge.Message.NVector3 Spd:300
2020-11-23 12:47:34,108 [ 1] INFO  Unity: SetDirection:(22, 97, 0)
2020-11-23 12:47:34,108 [ 1] INFO  Unity: SendMapEntitySync:ID:3 Pos:SkillBridge.Message.NVector3 Dir:SkillBridge.Message.NVector3 Spd:300
2020-11-23 12:47:34,212 [ 1] INFO  Unity: SetDirection:(39, 92, 0)
2020-11-23 12:47:34,212 [ 1] INFO  Unity: SendMapEntitySync:ID:3 Pos:SkillBridge.Message.NVector3 Dir:SkillBridge.Message.NVector3 Spd:300
2020-11-23 12:47:35,095 [ 1] INFO  Unity: SetDirection:(22, 97, 0)
2020-11-23 12:47:35,095 [ 1] INFO  Unity: SendMapEntitySync:ID:3 Pos:SkillBridge.Message.NVector3 Dir:SkillBridge.Message.NVector3 Spd:300
2020-11-23 12:47:35,192 [ 1] INFO  Unity: SetDirection:(1, 100, 0)
2020-11-23 12:47:35,193 [ 1] INFO  Unity: SendMapEntitySync:ID:3 Pos:SkillBridge.Message.NVector3 Dir:SkillBridge.Message.NVector3 Spd:300
2020-11-23 12:47:35,311 [ 1] INFO  Unity: SetDirection:(-18, 98, 0)
2020-11-23 12:47:35,312 [ 1] INFO  Unity: SendMapEntitySync:ID:3 Pos:SkillBridge.Message.NVector3 Dir:SkillBridge.Message.NVector3 Spd:300
2020-11-23 12:47:38,816 [ 1] INFO  Unity: Stop
2020-11-23 12:47:38,818 [ 1] INFO  Unity: SendMapEntitySync:ID:3 Pos:SkillBridge.Message.NVector3 Dir:SkillBridge.Message.NVector3 Spd:0
2020-11-23 12:47:39,030 [ 1] INFO  Unity: MoveBack
2020-11-23 12:47:39,030 [ 1] INFO  Unity: SendMapEntitySync:ID:3 Pos:SkillBridge.Message.NVector3 Dir:SkillBridge.Message.NVector3 Spd:-300
2020-11-23 12:47:39,254 [ 1] INFO  Unity: Stop
2020-11-23 12:47:39,254 [ 1] INFO  Unity: SendMapEntitySync:ID:3 Pos:SkillBridge.Message.NVector3 Dir:SkillBridge.Message.NVector3 Spd:0
2020-11-23 12:47:41,367 [ 1] INFO  Unity: OnEntityChanged : ID:4 POS:(5000, 4000, 820) DIR:(98, -18, 0) SPD:0 
2020-11-23 12:47:41,368 [ 1] INFO  Unity: MapEntitySyncResponse: entitys:1
    [4evt:None entity:(4:pos:(5000,4000,820),dir:(98,-18,0),spd:0

2020-11-23 12:47:41,466 [ 1] INFO  Unity: OnEntityChanged : ID:4 POS:(5000, 4000, 820) DIR:(93, -36, 0) SPD:0 
2020-11-23 12:47:41,466 [ 1] INFO  Unity: MapEntitySyncResponse: entitys:1
    [4evt:None entity:(4:pos:(5000,4000,820),dir:(93,-36,0),spd:0

2020-11-23 12:47:41,562 [ 1] INFO  Unity: OnEntityChanged : ID:4 POS:(5000, 4000, 820) DIR:(84, -55, 0) SPD:0 
2020-11-23 12:47:41,563 [ 1] INFO  Unity: MapEntitySyncResponse: entitys:1
    [4evt:None entity:(4:pos:(5000,4000,820),dir:(84,-55,0),spd:0

2020-11-23 12:47:41,666 [ 1] INFO  Unity: OnEntityChanged : ID:4 POS:(5000, 4000, 820) DIR:(71, -71, 0) SPD:0 
2020-11-23 12:47:41,667 [ 1] INFO  Unity: MapEntitySyncResponse: entitys:1
    [4evt:None entity:(4:pos:(5000,4000,820),dir:(71,-71,0),spd:0

2020-11-23 12:47:41,750 [ 1] INFO  Unity: OnEntityChanged : ID:4 POS:(5000, 4000, 820) DIR:(57, -82, 0) SPD:0 
2020-11-23 12:47:41,750 [ 1] INFO  Unity: MapEntitySyncResponse: entitys:1
    [4evt:None entity:(4:pos:(5000,4000,820),dir:(57,-82,0),spd:0

2020-11-23 12:47:41,847 [ 1] INFO  Unity: OnEntityChanged : ID:4 POS:(5000, 4000, 820) DIR:(39, -92, 0) SPD:0 
2020-11-23 12:47:41,847 [ 1] INFO  Unity: MapEntitySyncResponse: entitys:1
    [4evt:None entity:(4:pos:(5000,4000,820),dir:(39,-92,0),spd:0

2020-11-23 12:47:41,937 [ 1] INFO  Unity: OnEntityChanged : ID:4 POS:(5000, 4000, 820) DIR:(22, -97, 0) SPD:0 
2020-11-23 12:47:41,938 [ 1] INFO  Unity: MapEntitySyncResponse: entitys:1
    [4evt:None entity:(4:pos:(5000,4000,820),dir:(22,-97,0),spd:0

2020-11-23 12:47:42,036 [ 1] INFO  Unity: OnEntityChanged : ID:4 POS:(5000, 4000, 820) DIR:(2, -100, 0) SPD:0 
2020-11-23 12:47:42,036 [ 1] INFO  Unity: MapEntitySyncResponse: entitys:1
    [4evt:None entity:(4:pos:(5000,4000,820),dir:(2,-100,0),spd:0

2020-11-23 12:47:42,128 [ 1] INFO  Unity: OnEntityChanged : ID:4 POS:(5000, 4000, 820) DIR:(-16, -99, 0) SPD:0 
2020-11-23 12:47:42,128 [ 1] INFO  Unity: MapEntitySyncResponse: entitys:1
    [4evt:None entity:(4:pos:(5000,4000,820),dir:(-16,-99,0),spd:0

2020-11-23 12:47:42,223 [ 1] INFO  Unity: OnEntityChanged : ID:4 POS:(5000, 4000, 820) DIR:(-36, -93, 0) SPD:300 
2020-11-23 12:47:42,224 [ 1] INFO  Unity: MapEntitySyncResponse: entitys:1
    [4evt:MoveFwd entity:(4:pos:(5000,4000,820),dir:(-36,-93,0),spd:300

2020-11-23 12:47:42,251 [ 1] INFO  Unity: OnEntityChanged : ID:4 POS:(5000, 4000, 820) DIR:(-36, -93, 0) SPD:300 
2020-11-23 12:47:42,251 [ 1] INFO  Unity: MapEntitySyncResponse: entitys:1
    [4evt:None entity:(4:pos:(5000,4000,820),dir:(-36,-93,0),spd:300

2020-11-23 12:47:42,342 [ 1] INFO  Unity: OnEntityChanged : ID:4 POS:(4986, 3965, 820) DIR:(-52, -86, 0) SPD:300 
2020-11-23 12:47:42,342 [ 1] INFO  Unity: MapEntitySyncResponse: entitys:1
    [4evt:None entity:(4:pos:(4986,3965,820),dir:(-52,-86,0),spd:300

2020-11-23 12:47:42,955 [ 1] INFO  Unity: OnEntityChanged : ID:4 POS:(4875, 3817, 820) DIR:(-35, -94, 0) SPD:300 
2020-11-23 12:47:42,955 [ 1] INFO  Unity: MapEntitySyncResponse: entitys:1
    [4evt:None entity:(4:pos:(4875,3817,820),dir:(-35,-94,0),spd:300

2020-11-23 12:47:43,057 [ 1] INFO  Unity: OnEntityChanged : ID:4 POS:(4863, 3787, 820) DIR:(-15, -99, 0) SPD:300 
2020-11-23 12:47:43,057 [ 1] INFO  Unity: MapEntitySyncResponse: entitys:1
    [4evt:None entity:(4:pos:(4863,3787,820),dir:(-15,-99,0),spd:300

2020-11-23 12:47:43,162 [ 1] INFO  Unity: OnEntityChanged : ID:4 POS:(4857, 3757, 820) DIR:(5, -100, 0) SPD:300 
2020-11-23 12:47:43,162 [ 1] INFO  Unity: MapEntitySyncResponse: entitys:1
    [4evt:None entity:(4:pos:(4857,3757,820),dir:(5,-100,0),spd:300

2020-11-23 12:47:43,239 [ 1] INFO  Unity: OnEntityChanged : ID:4 POS:(4857, 3732, 820) DIR:(23, -97, 0) SPD:300 
2020-11-23 12:47:43,239 [ 1] INFO  Unity: MapEntitySyncResponse: entitys:1
    [4evt:None entity:(4:pos:(4857,3732,820),dir:(23,-97,0),spd:300

2020-11-23 12:47:43,350 [ 1] INFO  Unity: OnEntityChanged : ID:4 POS:(4863, 3702, 820) DIR:(42, -91, 0) SPD:300 
2020-11-23 12:47:43,350 [ 1] INFO  Unity: MapEntitySyncResponse: entitys:1
    [4evt:None entity:(4:pos:(4863,3702,820),dir:(42,-91,0),spd:300

2020-11-23 12:47:43,434 [ 1] INFO  Unity: OnEntityChanged : ID:4 POS:(4873, 3677, 820) DIR:(58, -82, 0) SPD:300 
2020-11-23 12:47:43,435 [ 1] INFO  Unity: MapEntitySyncResponse: entitys:1
    [4evt:None entity:(4:pos:(4873,3677,820),dir:(58,-82,0),spd:300

2020-11-23 12:47:43,539 [ 1] INFO  Unity: OnEntityChanged : ID:4 POS:(4891, 3653, 820) DIR:(73, -68, 0) SPD:300 
2020-11-23 12:47:43,539 [ 1] INFO  Unity: MapEntitySyncResponse: entitys:1
    [4evt:None entity:(4:pos:(4891,3653,820),dir:(73,-68,0),spd:300

2020-11-23 12:47:43,614 [ 1] INFO  Unity: OnEntityChanged : ID:4 POS:(4911, 3638, 820) DIR:(84, -54, 0) SPD:300 
2020-11-23 12:47:43,614 [ 1] INFO  Unity: MapEntitySyncResponse: entitys:1
    [4evt:None entity:(4:pos:(4911,3638,820),dir:(84,-54,0),spd:300

2020-11-23 12:47:43,704 [ 1] INFO  Unity: OnEntityChanged : ID:4 POS:(4935, 3620, 820) DIR:(93, -36, 0) SPD:300 
2020-11-23 12:47:43,704 [ 1] INFO  Unity: MapEntitySyncResponse: entitys:1
    [4evt:None entity:(4:pos:(4935,3620,820),dir:(93,-36,0),spd:300

2020-11-23 12:47:43,795 [ 1] INFO  Unity: OnEntityChanged : ID:4 POS:(4960, 3610, 820) DIR:(98, -19, 0) SPD:300 
2020-11-23 12:47:43,795 [ 1] INFO  Unity: MapEntitySyncResponse: entitys:1
    [4evt:None entity:(4:pos:(4960,3610,820),dir:(98,-19,0),spd:300

2020-11-23 12:47:43,871 [ 1] INFO  Unity: OnEntityChanged : ID:4 POS:(4985, 3605, 820) DIR:(100, -2, 0) SPD:300 
2020-11-23 12:47:43,871 [ 1] INFO  Unity: MapEntitySyncResponse: entitys:1
    [4evt:None entity:(4:pos:(4985,3605,820),dir:(100,-2,0),spd:300

2020-11-23 12:47:43,962 [ 1] INFO  Unity: OnEntityChanged : ID:4 POS:(5010, 3605, 820) DIR:(99, 16, 0) SPD:300 
2020-11-23 12:47:43,962 [ 1] INFO  Unity: MapEntitySyncResponse: entitys:1
    [4evt:None entity:(4:pos:(5010,3605,820),dir:(99,16,0),spd:300

2020-11-23 12:47:44,052 [ 1] INFO  Unity: OnEntityChanged : ID:4 POS:(5040, 3611, 820) DIR:(93, 36, 0) SPD:300 
2020-11-23 12:47:44,052 [ 1] INFO  Unity: MapEntitySyncResponse: entitys:1
    [4evt:None entity:(4:pos:(5040,3611,820),dir:(93,36,0),spd:300

2020-11-23 12:47:44,130 [ 1] INFO  Unity: OnEntityChanged : ID:4 POS:(5060, 3619, 820) DIR:(93, 36, 0) SPD:0 
2020-11-23 12:47:44,130 [ 1] INFO  Unity: MapEntitySyncResponse: entitys:1
    [4evt:Idle entity:(4:pos:(5060,3619,820),dir:(93,36,0),spd:0

2020-11-23 12:47:44,171 [ 1] INFO  Unity: OnEntityChanged : ID:4 POS:(5060, 3619, 820) DIR:(85, 52, 0) SPD:0 
2020-11-23 12:47:44,171 [ 1] INFO  Unity: MapEntitySyncResponse: entitys:1
    [4evt:None entity:(4:pos:(5060,3619,820),dir:(85,52,0),spd:0

2020-11-23 12:47:45,679 [ 1] INFO  Unity: SetDirection:(-1, 100, 0)
2020-11-23 12:47:45,679 [ 1] INFO  Unity: SendMapEntitySync:ID:3 Pos:SkillBridge.Message.NVector3 Dir:SkillBridge.Message.NVector3 Spd:0
2020-11-23 12:47:45,797 [ 1] INFO  Unity: SetDirection:(19, 98, 0)
2020-11-23 12:47:45,797 [ 1] INFO  Unity: SendMapEntitySync:ID:3 Pos:SkillBridge.Message.NVector3 Dir:SkillBridge.Message.NVector3 Spd:0
2020-11-23 12:47:45,881 [ 1] INFO  Unity: SetDirection:(36, 93, 0)
2020-11-23 12:47:45,881 [ 1] INFO  Unity: SendMapEntitySync:ID:3 Pos:SkillBridge.Message.NVector3 Dir:SkillBridge.Message.NVector3 Spd:0
2020-11-23 12:47:45,985 [ 1] INFO  Unity: SetDirection:(55, 84, 0)
2020-11-23 12:47:45,985 [ 1] INFO  Unity: SendMapEntitySync:ID:3 Pos:SkillBridge.Message.NVector3 Dir:SkillBridge.Message.NVector3 Spd:0
2020-11-23 12:47:46,081 [ 1] INFO  Unity: SetDirection:(71, 71, 0)
2020-11-23 12:47:46,081 [ 1] INFO  Unity: SendMapEntitySync:ID:3 Pos:SkillBridge.Message.NVector3 Dir:SkillBridge.Message.NVector3 Spd:0
2020-11-23 12:47:46,164 [ 1] INFO  Unity: SetDirection:(82, 57, 0)
2020-11-23 12:47:46,165 [ 1] INFO  Unity: SendMapEntitySync:ID:3 Pos:SkillBridge.Message.NVector3 Dir:SkillBridge.Message.NVector3 Spd:0
2020-11-23 12:47:46,269 [ 1] INFO  Unity: SetDirection:(92, 39, 0)
2020-11-23 12:47:46,269 [ 1] INFO  Unity: SendMapEntitySync:ID:3 Pos:SkillBridge.Message.NVector3 Dir:SkillBridge.Message.NVector3 Spd:0
2020-11-23 12:47:46,352 [ 1] INFO  Unity: SetDirection:(97, 22, 0)
2020-11-23 12:47:46,352 [ 1] INFO  Unity: SendMapEntitySync:ID:3 Pos:SkillBridge.Message.NVector3 Dir:SkillBridge.Message.NVector3 Spd:0
2020-11-23 12:47:46,450 [ 1] INFO  Unity: SetDirection:(100, 2, 0)
2020-11-23 12:47:46,450 [ 1] INFO  Unity: SendMapEntitySync:ID:3 Pos:SkillBridge.Message.NVector3 Dir:SkillBridge.Message.NVector3 Spd:0
2020-11-23 12:47:46,533 [ 1] INFO  Unity: SetDirection:(99, -16, 0)
2020-11-23 12:47:46,533 [ 1] INFO  Unity: SendMapEntitySync:ID:3 Pos:SkillBridge.Message.NVector3 Dir:SkillBridge.Message.NVector3 Spd:0
2020-11-23 12:47:46,631 [ 1] INFO  Unity: SetDirection:(93, -36, 0)
2020-11-23 12:47:46,631 [ 1] INFO  Unity: SendMapEntitySync:ID:3 Pos:SkillBridge.Message.NVector3 Dir:SkillBridge.Message.NVector3 Spd:0
2020-11-23 12:47:46,735 [ 1] INFO  Unity: SetDirection:(84, -55, 0)
2020-11-23 12:47:46,735 [ 1] INFO  Unity: SendMapEntitySync:ID:3 Pos:SkillBridge.Message.NVector3 Dir:SkillBridge.Message.NVector3 Spd:0
2020-11-23 12:47:46,832 [ 1] INFO  Unity: SetDirection:(71, -71, 0)
2020-11-23 12:47:46,833 [ 1] INFO  Unity: SendMapEntitySync:ID:3 Pos:SkillBridge.Message.NVector3 Dir:SkillBridge.Message.NVector3 Spd:0
2020-11-23 12:47:46,916 [ 1] INFO  Unity: SetDirection:(57, -82, 0)
2020-11-23 12:47:46,916 [ 1] INFO  Unity: SendMapEntitySync:ID:3 Pos:SkillBridge.Message.NVector3 Dir:SkillBridge.Message.NVector3 Spd:0
2020-11-23 12:47:47,021 [ 1] INFO  Unity: SetDirection:(39, -92, 0)
2020-11-23 12:47:47,022 [ 1] INFO  Unity: SendMapEntitySync:ID:3 Pos:SkillBridge.Message.NVector3 Dir:SkillBridge.Message.NVector3 Spd:0
2020-11-23 12:47:47,104 [ 1] INFO  Unity: SetDirection:(22, -97, 0)
2020-11-23 12:47:47,104 [ 1] INFO  Unity: SendMapEntitySync:ID:3 Pos:SkillBridge.Message.NVector3 Dir:SkillBridge.Message.NVector3 Spd:0
2020-11-23 12:47:47,202 [ 1] INFO  Unity: SetDirection:(2, -100, 0)
2020-11-23 12:47:47,202 [ 1] INFO  Unity: SendMapEntitySync:ID:3 Pos:SkillBridge.Message.NVector3 Dir:SkillBridge.Message.NVector3 Spd:0
2020-11-23 12:47:47,284 [ 1] INFO  Unity: SetDirection:(-16, -99, 0)
2020-11-23 12:47:47,285 [ 1] INFO  Unity: SendMapEntitySync:ID:3 Pos:SkillBridge.Message.NVector3 Dir:SkillBridge.Message.NVector3 Spd:0
2020-11-23 12:47:47,382 [ 1] INFO  Unity: SetDirection:(-36, -93, 0)
2020-11-23 12:47:47,382 [ 1] INFO  Unity: SendMapEntitySync:ID:3 Pos:SkillBridge.Message.NVector3 Dir:SkillBridge.Message.NVector3 Spd:0
2020-11-23 12:47:47,486 [ 1] INFO  Unity: SetDirection:(-52, -85, 0)
2020-11-23 12:47:47,486 [ 1] INFO  Unity: SendMapEntitySync:ID:3 Pos:SkillBridge.Message.NVector3 Dir:SkillBridge.Message.NVector3 Spd:0
2020-11-23 12:47:47,606 [ 1] INFO  Unity: MoveForward
2020-11-23 12:47:47,606 [ 1] INFO  Unity: SendMapEntitySync:ID:3 Pos:SkillBridge.Message.NVector3 Dir:SkillBridge.Message.NVector3 Spd:300
2020-11-23 12:47:48,669 [ 1] INFO  Unity: Stop
2020-11-23 12:47:48,669 [ 1] INFO  Unity: SendMapEntitySync:ID:3 Pos:SkillBridge.Message.NVector3 Dir:SkillBridge.Message.NVector3 Spd:0
