2020-12-02 19:15:25,342 [ 1] INFO  Unity: LoadingManager start
2020-12-02 19:15:29,549 [ 1] INFO  Unity: DataManager > DataManager()
2020-12-02 19:15:32,400 [ 1] INFO  Unity: UserLoginRequest::user :121 psw:121
2020-12-02 19:15:32,402 [ 1] INFO  Unity: ConnectToServer() Start 
2020-12-02 19:15:32,404 [ 1] INFO  Unity: DoConnect
2020-12-02 19:15:32,406 [ 1] INFO  Unity: NetClient.DoConnect on 127.0.0.1:8000
2020-12-02 19:15:32,409 [ 1] INFO  Unity: Connect[0] to server 127.0.0.1:8000

2020-12-02 19:15:32,412 [ 1] INFO  Unity: LoadingMesager::OnGameServerConnect :0 reason:Success
2020-12-02 19:15:35,502 [ 1] INFO  Unity: OnLogin:Success [None]
2020-12-02 19:15:35,504 [ 1] INFO  Unity: µÇÂ¼³É¹¦
2020-12-02 19:15:35,505 [ 1] INFO  Unity: LoadLevel: CharSelect
2020-12-02 19:15:35,645 [ 1] INFO  Unity: LevelLoadCompleted:1
2020-12-02 19:15:35,647 [ 1] INFO  Unity: 111
2020-12-02 19:15:37,700 [ 1] INFO  Unity: SendUserGameEnter::roleInex :4
2020-12-02 19:15:37,827 [ 1] INFO  Unity: OnGameEnter:Success [None]
2020-12-02 19:15:37,830 [ 1] INFO  Unity: ItemManage:Init[ID:1,Count:15]
2020-12-02 19:15:37,832 [ 1] INFO  Unity: ItemManage:Init[ID:2,Count:10]
2020-12-02 19:15:37,835 [ 1] INFO  Unity: OnMapCharacterEnter:Map:1 Count:1
2020-12-02 19:15:37,838 [ 1] INFO  Unity: AddCharacter:1:4456 Map:1 Entity:(1:pos:(5000,4000,820),dir:(100,0,0),spd:0
2020-12-02 19:15:37,842 [ 1] INFO  Unity: LoadLevel: MainCity
2020-12-02 19:15:38,426 [ 1] WARN  Unity: No mesh data available for mesh Sphere001 on particle system fx_portal. Make sure Read/Write Enabled is set in the importer to work on the particle system renderer

2020-12-02 19:15:38,426 [ 1] WARN  Unity: No mesh data available for mesh Sphere001 on particle system fx_portal. Make sure Read/Write Enabled is set in the importer to work on the particle system renderer

2020-12-02 19:15:38,537 [ 1] WARN  Unity: MainPlayerCamera[-458758] Awake
UnityEngine.Debug:LogWarningFormat(String, Object[])
MonoSingleton`1:Awake() (at Assets/Scripts/Utilities/MonoSingleton.cs:22)

2020-12-02 19:15:38,539 [ 1] WARN  Unity: UIWorldElementManager[144426] Awake
UnityEngine.Debug:LogWarningFormat(String, Object[])
MonoSingleton`1:Awake() (at Assets/Scripts/Utilities/MonoSingleton.cs:22)

2020-12-02 19:15:38,540 [ 1] WARN  Unity: UIMain[144974] Awake
UnityEngine.Debug:LogWarningFormat(String, Object[])
MonoSingleton`1:Awake() (at Assets/Scripts/Utilities/MonoSingleton.cs:22)

2020-12-02 19:15:38,540 [ 1] WARN  Unity: GameObjectManager[-460174] Awake
UnityEngine.Debug:LogWarningFormat(String, Object[])
MonoSingleton`1:Awake() (at Assets/Scripts/Utilities/MonoSingleton.cs:22)

2020-12-02 19:15:38,575 [ 1] INFO  Unity: LevelLoadCompleted:1
2020-12-02 19:15:39,383 [ 1] INFO  Unity: SetDirection:(98, -18, 0)
2020-12-02 19:15:39,384 [ 1] INFO  Unity: SendMapEntitySync:ID:1 Pos:SkillBridge.Message.NVector3 Dir:SkillBridge.Message.NVector3 Spd:0
2020-12-02 19:15:39,430 [ 1] INFO  Unity: MoveForward
2020-12-02 19:15:39,431 [ 1] INFO  Unity: SendMapEntitySync:ID:1 Pos:SkillBridge.Message.NVector3 Dir:SkillBridge.Message.NVector3 Spd:300
2020-12-02 19:15:39,488 [ 1] INFO  Unity: SetDirection:(93, -36, 0)
2020-12-02 19:15:39,489 [ 1] INFO  Unity: SendMapEntitySync:ID:1 Pos:SkillBridge.Message.NVector3 Dir:SkillBridge.Message.NVector3 Spd:300
2020-12-02 19:15:39,585 [ 1] INFO  Unity: SetDirection:(84, -54, 0)
2020-12-02 19:15:39,585 [ 1] INFO  Unity: SendMapEntitySync:ID:1 Pos:SkillBridge.Message.NVector3 Dir:SkillBridge.Message.NVector3 Spd:300
2020-12-02 19:15:39,675 [ 1] INFO  Unity: SetDirection:(73, -68, 0)
2020-12-02 19:15:39,676 [ 1] INFO  Unity: SendMapEntitySync:ID:1 Pos:SkillBridge.Message.NVector3 Dir:SkillBridge.Message.NVector3 Spd:300
2020-12-02 19:15:39,771 [ 1] INFO  Unity: SetDirection:(60, -80, 0)
2020-12-02 19:15:39,772 [ 1] INFO  Unity: SendMapEntitySync:ID:1 Pos:SkillBridge.Message.NVector3 Dir:SkillBridge.Message.NVector3 Spd:300
2020-12-02 19:15:39,951 [ 1] INFO  Unity: SetDirection:(44, -90, 0)
2020-12-02 19:15:39,951 [ 1] INFO  Unity: SendMapEntitySync:ID:1 Pos:SkillBridge.Message.NVector3 Dir:SkillBridge.Message.NVector3 Spd:300
2020-12-02 19:15:40,106 [ 1] INFO  Unity: SetDirection:(27, -96, 0)
2020-12-02 19:15:40,107 [ 1] INFO  Unity: SendMapEntitySync:ID:1 Pos:SkillBridge.Message.NVector3 Dir:SkillBridge.Message.NVector3 Spd:300
2020-12-02 19:15:40,222 [ 1] INFO  Unity: SetDirection:(8, -100, 0)
2020-12-02 19:15:40,223 [ 1] INFO  Unity: SendMapEntitySync:ID:1 Pos:SkillBridge.Message.NVector3 Dir:SkillBridge.Message.NVector3 Spd:300
2020-12-02 19:15:40,969 [ 1] INFO  Unity: SetDirection:(-10, -99, 0)
2020-12-02 19:15:40,970 [ 1] INFO  Unity: SendMapEntitySync:ID:1 Pos:SkillBridge.Message.NVector3 Dir:SkillBridge.Message.NVector3 Spd:300
2020-12-02 19:15:41,108 [ 1] INFO  Unity: Stop
2020-12-02 19:15:41,109 [ 1] INFO  Unity: SendMapEntitySync:ID:1 Pos:SkillBridge.Message.NVector3 Dir:SkillBridge.Message.NVector3 Spd:0
2020-12-02 19:15:46,004 [ 1] INFO  Unity: MoveForward
2020-12-02 19:15:46,005 [ 1] INFO  Unity: SendMapEntitySync:ID:1 Pos:SkillBridge.Message.NVector3 Dir:SkillBridge.Message.NVector3 Spd:300
2020-12-02 19:15:46,243 [ 1] INFO  Unity: Stop
2020-12-02 19:15:46,244 [ 1] INFO  Unity: SendMapEntitySync:ID:1 Pos:SkillBridge.Message.NVector3 Dir:SkillBridge.Message.NVector3 Spd:0
2020-12-02 19:15:46,432 [ 1] INFO  Unity: MoveForward
2020-12-02 19:15:46,433 [ 1] INFO  Unity: SendMapEntitySync:ID:1 Pos:SkillBridge.Message.NVector3 Dir:SkillBridge.Message.NVector3 Spd:300
2020-12-02 19:15:46,480 [ 1] INFO  Unity: SetDirection:(-27, -96, 0)
2020-12-02 19:15:46,481 [ 1] INFO  Unity: SendMapEntitySync:ID:1 Pos:SkillBridge.Message.NVector3 Dir:SkillBridge.Message.NVector3 Spd:300
2020-12-02 19:15:46,614 [ 1] INFO  Unity: SetDirection:(-44, -90, 0)
2020-12-02 19:15:46,615 [ 1] INFO  Unity: SendMapEntitySync:ID:1 Pos:SkillBridge.Message.NVector3 Dir:SkillBridge.Message.NVector3 Spd:300
2020-12-02 19:15:46,722 [ 1] INFO  Unity: SetDirection:(-61, -79, 0)
2020-12-02 19:15:46,723 [ 1] INFO  Unity: SendMapEntitySync:ID:1 Pos:SkillBridge.Message.NVector3 Dir:SkillBridge.Message.NVector3 Spd:300
2020-12-02 19:15:46,825 [ 1] INFO  Unity: SetDirection:(-76, -65, 0)
2020-12-02 19:15:46,826 [ 1] INFO  Unity: SendMapEntitySync:ID:1 Pos:SkillBridge.Message.NVector3 Dir:SkillBridge.Message.NVector3 Spd:300
2020-12-02 19:15:46,904 [ 1] INFO  Unity: SetDirection:(-86, -51, 0)
2020-12-02 19:15:46,905 [ 1] INFO  Unity: SendMapEntitySync:ID:1 Pos:SkillBridge.Message.NVector3 Dir:SkillBridge.Message.NVector3 Spd:300
2020-12-02 19:15:46,968 [ 1] INFO  Unity: Stop
2020-12-02 19:15:46,969 [ 1] INFO  Unity: SendMapEntitySync:ID:1 Pos:SkillBridge.Message.NVector3 Dir:SkillBridge.Message.NVector3 Spd:0
2020-12-02 19:15:46,999 [ 1] INFO  Unity: SetDirection:(-94, -33, 0)
2020-12-02 19:15:47,000 [ 1] INFO  Unity: SendMapEntitySync:ID:1 Pos:SkillBridge.Message.NVector3 Dir:SkillBridge.Message.NVector3 Spd:0
2020-12-02 19:15:47,164 [ 1] INFO  Unity: SetDirection:(-99, -16, 0)
2020-12-02 19:15:47,165 [ 1] INFO  Unity: SendMapEntitySync:ID:1 Pos:SkillBridge.Message.NVector3 Dir:SkillBridge.Message.NVector3 Spd:0
2020-12-02 19:15:49,029 [ 1] INFO  Unity: SetDirection:(-100, 4, 0)
2020-12-02 19:15:49,030 [ 1] INFO  Unity: SendMapEntitySync:ID:1 Pos:SkillBridge.Message.NVector3 Dir:SkillBridge.Message.NVector3 Spd:0
2020-12-02 19:15:49,126 [ 1] INFO  Unity: SetDirection:(-98, 22, 0)
2020-12-02 19:15:49,126 [ 1] INFO  Unity: SendMapEntitySync:ID:1 Pos:SkillBridge.Message.NVector3 Dir:SkillBridge.Message.NVector3 Spd:0
2020-12-02 19:15:49,222 [ 1] INFO  Unity: SetDirection:(-91, 41, 0)
2020-12-02 19:15:49,222 [ 1] INFO  Unity: SendMapEntitySync:ID:1 Pos:SkillBridge.Message.NVector3 Dir:SkillBridge.Message.NVector3 Spd:0
2020-12-02 19:15:49,360 [ 1] INFO  Unity: SetDirection:(-82, 58, 0)
2020-12-02 19:15:49,361 [ 1] INFO  Unity: SendMapEntitySync:ID:1 Pos:SkillBridge.Message.NVector3 Dir:SkillBridge.Message.NVector3 Spd:0
2020-12-02 19:15:51,074 [ 1] INFO  Unity: SendBuyItem
2020-12-02 19:15:51,468 [ 1] INFO  Unity: StatusNotify:[Item][Add]1:1
2020-12-02 19:15:51,470 [ 1] INFO  Unity: StatusNotify:[Money][Delete]0:10
2020-12-02 19:15:58,198 [ 1] INFO  Unity: SendBuyItem
2020-12-02 19:15:58,230 [ 1] INFO  Unity: StatusNotify:[Item][Add]1:1
2020-12-02 19:15:58,231 [ 1] INFO  Unity: StatusNotify:[Money][Delete]0:10
2020-12-02 19:16:04,349 [ 1] INFO  Unity: LoadLevel: CharSelect
2020-12-02 19:16:04,352 [ 1] INFO  Unity: UserGameLeaveRequest
2020-12-02 19:16:04,388 [ 1] INFO  Unity: OnMapCharacterLeave:characterId:1
2020-12-02 19:16:04,390 [ 1] INFO  Unity: RemoveCharacter:1
2020-12-02 19:16:04,394 [ 1] INFO  Unity: OnGameLeave:Success [None]
2020-12-02 19:16:04,395 [ 1] INFO  Unity: Character_1_4456 OnDestroy :ID:1 POS:(5053, 3356, 820) DIR:(-82, 58, 0) SPD:0 
2020-12-02 19:16:04,504 [ 1] INFO  Unity: LevelLoadCompleted:1
2020-12-02 19:16:04,505 [ 1] INFO  Unity: 111
2020-12-02 19:16:06,156 [ 1] INFO  Unity: SendUserGameEnter::roleInex :4
2020-12-02 19:16:06,178 [ 1] INFO  Unity: OnGameEnter:Success [None]
2020-12-02 19:16:06,179 [ 1] INFO  Unity: ItemManage:Init[ID:1,Count:17]
2020-12-02 19:16:06,180 [ 1] INFO  Unity: ItemManage:Init[ID:2,Count:10]
2020-12-02 19:16:06,181 [ 1] INFO  Unity: OnMapCharacterEnter:Map:1 Count:1
2020-12-02 19:16:06,182 [ 1] INFO  Unity: AddCharacter:2:4456 Map:1 Entity:(2:pos:(5000,4000,820),dir:(100,0,0),spd:0
2020-12-02 19:16:06,184 [ 1] INFO  Unity: LoadLevel: MainCity
2020-12-02 19:16:06,830 [ 1] WARN  Unity: No mesh data available for mesh Sphere001 on particle system fx_portal. Make sure Read/Write Enabled is set in the importer to work on the particle system renderer

2020-12-02 19:16:06,831 [ 1] WARN  Unity: No mesh data available for mesh Sphere001 on particle system fx_portal. Make sure Read/Write Enabled is set in the importer to work on the particle system renderer

2020-12-02 19:16:06,921 [ 1] WARN  Unity: MainPlayerCamera[-475400] Awake
UnityEngine.Debug:LogWarningFormat(String, Object[])
MonoSingleton`1:Awake() (at Assets/Scripts/Utilities/MonoSingleton.cs:22)

2020-12-02 19:16:06,922 [ 1] WARN  Unity: UIWorldElementManager[148334] Awake
UnityEngine.Debug:LogWarningFormat(String, Object[])
MonoSingleton`1:Awake() (at Assets/Scripts/Utilities/MonoSingleton.cs:22)

2020-12-02 19:16:06,922 [ 1] WARN  Unity: UIMain[148882] Awake
UnityEngine.Debug:LogWarningFormat(String, Object[])
MonoSingleton`1:Awake() (at Assets/Scripts/Utilities/MonoSingleton.cs:22)

2020-12-02 19:16:06,923 [ 1] WARN  Unity: GameObjectManager[-476816] Awake
UnityEngine.Debug:LogWarningFormat(String, Object[])
MonoSingleton`1:Awake() (at Assets/Scripts/Utilities/MonoSingleton.cs:22)

2020-12-02 19:16:06,950 [ 1] INFO  Unity: LevelLoadCompleted:1
2020-12-02 19:16:07,860 [ 1] INFO  Unity: SetDirection:(98, -18, 0)
2020-12-02 19:16:07,861 [ 1] INFO  Unity: SendMapEntitySync:ID:2 Pos:SkillBridge.Message.NVector3 Dir:SkillBridge.Message.NVector3 Spd:0
2020-12-02 19:16:07,961 [ 1] INFO  Unity: SetDirection:(93, -36, 0)
2020-12-02 19:16:07,961 [ 1] INFO  Unity: SendMapEntitySync:ID:2 Pos:SkillBridge.Message.NVector3 Dir:SkillBridge.Message.NVector3 Spd:0
2020-12-02 19:16:08,063 [ 1] INFO  Unity: SetDirection:(84, -55, 0)
2020-12-02 19:16:08,063 [ 1] INFO  Unity: SendMapEntitySync:ID:2 Pos:SkillBridge.Message.NVector3 Dir:SkillBridge.Message.NVector3 Spd:0
2020-12-02 19:16:08,164 [ 1] INFO  Unity: SetDirection:(71, -71, 0)
2020-12-02 19:16:08,165 [ 1] INFO  Unity: SendMapEntitySync:ID:2 Pos:SkillBridge.Message.NVector3 Dir:SkillBridge.Message.NVector3 Spd:0
2020-12-02 19:16:08,240 [ 1] INFO  Unity: SetDirection:(57, -82, 0)
2020-12-02 19:16:08,241 [ 1] INFO  Unity: SendMapEntitySync:ID:2 Pos:SkillBridge.Message.NVector3 Dir:SkillBridge.Message.NVector3 Spd:0
2020-12-02 19:16:08,276 [ 1] INFO  Unity: MoveForward
2020-12-02 19:16:08,277 [ 1] INFO  Unity: SendMapEntitySync:ID:2 Pos:SkillBridge.Message.NVector3 Dir:SkillBridge.Message.NVector3 Spd:300
2020-12-02 19:16:08,350 [ 1] INFO  Unity: SetDirection:(39, -92, 0)
2020-12-02 19:16:08,351 [ 1] INFO  Unity: SendMapEntitySync:ID:2 Pos:SkillBridge.Message.NVector3 Dir:SkillBridge.Message.NVector3 Spd:300
2020-12-02 19:16:08,441 [ 1] INFO  Unity: SetDirection:(19, -98, 0)
2020-12-02 19:16:08,442 [ 1] INFO  Unity: SendMapEntitySync:ID:2 Pos:SkillBridge.Message.NVector3 Dir:SkillBridge.Message.NVector3 Spd:300
2020-12-02 19:16:08,548 [ 1] INFO  Unity: SetDirection:(-2, -100, 0)
2020-12-02 19:16:08,549 [ 1] INFO  Unity: SendMapEntitySync:ID:2 Pos:SkillBridge.Message.NVector3 Dir:SkillBridge.Message.NVector3 Spd:300
2020-12-02 19:16:08,646 [ 1] INFO  Unity: SetDirection:(-23, -97, 0)
2020-12-02 19:16:08,647 [ 1] INFO  Unity: SendMapEntitySync:ID:2 Pos:SkillBridge.Message.NVector3 Dir:SkillBridge.Message.NVector3 Spd:300
2020-12-02 19:16:08,747 [ 1] INFO  Unity: SetDirection:(-42, -91, 0)
2020-12-02 19:16:08,748 [ 1] INFO  Unity: SendMapEntitySync:ID:2 Pos:SkillBridge.Message.NVector3 Dir:SkillBridge.Message.NVector3 Spd:300
2020-12-02 19:16:08,827 [ 1] INFO  Unity: SetDirection:(-57, -82, 0)
2020-12-02 19:16:08,828 [ 1] INFO  Unity: SendMapEntitySync:ID:2 Pos:SkillBridge.Message.NVector3 Dir:SkillBridge.Message.NVector3 Spd:300
2020-12-02 19:16:08,909 [ 1] INFO  Unity: SetDirection:(-71, -71, 0)
2020-12-02 19:16:08,910 [ 1] INFO  Unity: SendMapEntitySync:ID:2 Pos:SkillBridge.Message.NVector3 Dir:SkillBridge.Message.NVector3 Spd:300
2020-12-02 19:16:08,999 [ 1] INFO  Unity: SetDirection:(-82, -57, 0)
2020-12-02 19:16:09,000 [ 1] INFO  Unity: SendMapEntitySync:ID:2 Pos:SkillBridge.Message.NVector3 Dir:SkillBridge.Message.NVector3 Spd:300
2020-12-02 19:16:09,101 [ 1] INFO  Unity: Stop
2020-12-02 19:16:09,102 [ 1] INFO  Unity: SendMapEntitySync:ID:2 Pos:SkillBridge.Message.NVector3 Dir:SkillBridge.Message.NVector3 Spd:0
2020-12-02 19:16:09,102 [ 1] INFO  Unity: SetDirection:(-92, -39, 0)
2020-12-02 19:16:09,103 [ 1] INFO  Unity: SendMapEntitySync:ID:2 Pos:SkillBridge.Message.NVector3 Dir:SkillBridge.Message.NVector3 Spd:0
2020-12-02 19:16:09,136 [ 1] INFO  Unity: MoveBack
2020-12-02 19:16:09,137 [ 1] INFO  Unity: SendMapEntitySync:ID:2 Pos:SkillBridge.Message.NVector3 Dir:SkillBridge.Message.NVector3 Spd:-300
2020-12-02 19:16:09,198 [ 1] INFO  Unity: SetDirection:(-98, -22, 0)
2020-12-02 19:16:09,198 [ 1] INFO  Unity: SendMapEntitySync:ID:2 Pos:SkillBridge.Message.NVector3 Dir:SkillBridge.Message.NVector3 Spd:-300
2020-12-02 19:16:09,375 [ 1] INFO  Unity: SetDirection:(-100, -5, 0)
2020-12-02 19:16:09,376 [ 1] INFO  Unity: SendMapEntitySync:ID:2 Pos:SkillBridge.Message.NVector3 Dir:SkillBridge.Message.NVector3 Spd:-300
2020-12-02 19:16:09,634 [ 1] INFO  Unity: Stop
2020-12-02 19:16:09,636 [ 1] INFO  Unity: SendMapEntitySync:ID:2 Pos:SkillBridge.Message.NVector3 Dir:SkillBridge.Message.NVector3 Spd:0
2020-12-02 19:16:13,748 [ 1] INFO  Unity: SendBuyItem
2020-12-02 19:16:13,780 [ 1] INFO  Unity: StatusNotify:[Item][Add]1:1
2020-12-02 19:16:13,781 [ 1] INFO  Unity: StatusNotify:[Money][Delete]0:10
2020-12-02 19:16:19,001 [ 1] INFO  Unity: SendBuyItem
2020-12-02 19:16:19,028 [ 1] INFO  Unity: StatusNotify:[Item][Add]1:1
2020-12-02 19:16:19,029 [ 1] INFO  Unity: StatusNotify:[Money][Delete]0:10
2020-12-02 19:16:25,690 [ 1] INFO  Unity: MoveForward
2020-12-02 19:16:25,691 [ 1] INFO  Unity: SendMapEntitySync:ID:2 Pos:SkillBridge.Message.NVector3 Dir:SkillBridge.Message.NVector3 Spd:300
2020-12-02 19:16:25,784 [ 1] INFO  Unity: SetDirection:(-97, -23, 0)
2020-12-02 19:16:25,785 [ 1] INFO  Unity: SendMapEntitySync:ID:2 Pos:SkillBridge.Message.NVector3 Dir:SkillBridge.Message.NVector3 Spd:300
2020-12-02 19:16:25,886 [ 1] INFO  Unity: SetDirection:(-92, -40, 0)
2020-12-02 19:16:25,887 [ 1] INFO  Unity: SendMapEntitySync:ID:2 Pos:SkillBridge.Message.NVector3 Dir:SkillBridge.Message.NVector3 Spd:300
2020-12-02 19:16:26,051 [ 1] INFO  Unity: SetDirection:(-83, -56, 0)
2020-12-02 19:16:26,052 [ 1] INFO  Unity: SendMapEntitySync:ID:2 Pos:SkillBridge.Message.NVector3 Dir:SkillBridge.Message.NVector3 Spd:300
2020-12-02 19:16:26,759 [ 1] INFO  Unity: Stop
2020-12-02 19:16:26,760 [ 1] INFO  Unity: SendMapEntitySync:ID:2 Pos:SkillBridge.Message.NVector3 Dir:SkillBridge.Message.NVector3 Spd:0
2020-12-02 19:16:28,996 [ 1] INFO  Unity: SendBuyItem
2020-12-02 19:16:32,510 [ 1] INFO  Unity: MoveForward
2020-12-02 19:16:32,511 [ 1] INFO  Unity: SendMapEntitySync:ID:2 Pos:SkillBridge.Message.NVector3 Dir:SkillBridge.Message.NVector3 Spd:300
2020-12-02 19:16:33,075 [ 1] INFO  Unity: Stop
2020-12-02 19:16:33,075 [ 1] INFO  Unity: SendMapEntitySync:ID:2 Pos:SkillBridge.Message.NVector3 Dir:SkillBridge.Message.NVector3 Spd:0
2020-12-02 19:16:37,688 [ 1] INFO  Unity: SendBuyItem
2020-12-02 19:16:41,183 [ 1] INFO  Unity: MoveForward
2020-12-02 19:16:41,184 [ 1] INFO  Unity: SendMapEntitySync:ID:2 Pos:SkillBridge.Message.NVector3 Dir:SkillBridge.Message.NVector3 Spd:300
2020-12-02 19:16:41,362 [ 1] INFO  Unity: SetPosition:(4706, 3585, 800)
2020-12-02 19:16:41,363 [ 1] INFO  Unity: SendMapEntitySync:ID:2 Pos:SkillBridge.Message.NVector3 Dir:SkillBridge.Message.NVector3 Spd:300
2020-12-02 19:16:41,717 [ 1] INFO  Unity: SetPosition:(4706, 3585, 800)
2020-12-02 19:16:41,718 [ 1] INFO  Unity: SendMapEntitySync:ID:2 Pos:SkillBridge.Message.NVector3 Dir:SkillBridge.Message.NVector3 Spd:300
2020-12-02 19:16:41,950 [ 1] INFO  Unity: Stop
2020-12-02 19:16:41,951 [ 1] INFO  Unity: SendMapEntitySync:ID:2 Pos:SkillBridge.Message.NVector3 Dir:SkillBridge.Message.NVector3 Spd:0
2020-12-02 19:16:42,042 [ 1] INFO  Unity: MoveForward
2020-12-02 19:16:42,042 [ 1] INFO  Unity: SendMapEntitySync:ID:2 Pos:SkillBridge.Message.NVector3 Dir:SkillBridge.Message.NVector3 Spd:300
2020-12-02 19:16:42,156 [ 1] INFO  Unity: SetPosition:(4706, 3585, 800)
2020-12-02 19:16:42,157 [ 1] INFO  Unity: SendMapEntitySync:ID:2 Pos:SkillBridge.Message.NVector3 Dir:SkillBridge.Message.NVector3 Spd:300
2020-12-02 19:16:42,503 [ 1] INFO  Unity: SetPosition:(4706, 3585, 800)
2020-12-02 19:16:42,504 [ 1] INFO  Unity: SendMapEntitySync:ID:2 Pos:SkillBridge.Message.NVector3 Dir:SkillBridge.Message.NVector3 Spd:300
2020-12-02 19:16:42,616 [ 1] INFO  Unity: Stop
2020-12-02 19:16:42,617 [ 1] INFO  Unity: SendMapEntitySync:ID:2 Pos:SkillBridge.Message.NVector3 Dir:SkillBridge.Message.NVector3 Spd:0
2020-12-02 19:16:42,642 [ 1] INFO  Unity: SetDirection:(-71, -71, 0)
2020-12-02 19:16:42,644 [ 1] INFO  Unity: SendMapEntitySync:ID:2 Pos:SkillBridge.Message.NVector3 Dir:SkillBridge.Message.NVector3 Spd:0
2020-12-02 19:16:42,746 [ 1] INFO  Unity: SetDirection:(-57, -82, 0)
2020-12-02 19:16:42,747 [ 1] INFO  Unity: SendMapEntitySync:ID:2 Pos:SkillBridge.Message.NVector3 Dir:SkillBridge.Message.NVector3 Spd:0
2020-12-02 19:16:42,786 [ 1] INFO  Unity: MoveForward
2020-12-02 19:16:42,786 [ 1] INFO  Unity: SendMapEntitySync:ID:2 Pos:SkillBridge.Message.NVector3 Dir:SkillBridge.Message.NVector3 Spd:300
2020-12-02 19:16:42,875 [ 1] INFO  Unity: SetDirection:(-41, -91, 0)
2020-12-02 19:16:42,876 [ 1] INFO  Unity: SendMapEntitySync:ID:2 Pos:SkillBridge.Message.NVector3 Dir:SkillBridge.Message.NVector3 Spd:300
2020-12-02 19:16:43,053 [ 1] INFO  Unity: SetPosition:(4706, 3568, 800)
2020-12-02 19:16:43,054 [ 1] INFO  Unity: SendMapEntitySync:ID:2 Pos:SkillBridge.Message.NVector3 Dir:SkillBridge.Message.NVector3 Spd:300
2020-12-02 19:16:43,478 [ 1] INFO  Unity: SetPosition:(4706, 3529, 800)
2020-12-02 19:16:43,478 [ 1] INFO  Unity: SendMapEntitySync:ID:2 Pos:SkillBridge.Message.NVector3 Dir:SkillBridge.Message.NVector3 Spd:300
2020-12-02 19:16:44,048 [ 1] INFO  Unity: SetPosition:(4676, 3456, 800)
2020-12-02 19:16:44,049 [ 1] INFO  Unity: SendMapEntitySync:ID:2 Pos:SkillBridge.Message.NVector3 Dir:SkillBridge.Message.NVector3 Spd:300
2020-12-02 19:16:44,381 [ 1] INFO  Unity: SetPosition:(4671, 3455, 800)
2020-12-02 19:16:44,382 [ 1] INFO  Unity: SendMapEntitySync:ID:2 Pos:SkillBridge.Message.NVector3 Dir:SkillBridge.Message.NVector3 Spd:300
2020-12-02 19:16:44,419 [ 1] INFO  Unity: SetDirection:(-58, -82, 0)
2020-12-02 19:16:44,419 [ 1] INFO  Unity: SendMapEntitySync:ID:2 Pos:SkillBridge.Message.NVector3 Dir:SkillBridge.Message.NVector3 Spd:300
2020-12-02 19:16:44,522 [ 1] INFO  Unity: SetDirection:(-72, -70, 0)
2020-12-02 19:16:44,523 [ 1] INFO  Unity: SendMapEntitySync:ID:2 Pos:SkillBridge.Message.NVector3 Dir:SkillBridge.Message.NVector3 Spd:300
2020-12-02 19:16:44,679 [ 1] INFO  Unity: SetDirection:(-83, -56, 0)
2020-12-02 19:16:44,680 [ 1] INFO  Unity: SendMapEntitySync:ID:2 Pos:SkillBridge.Message.NVector3 Dir:SkillBridge.Message.NVector3 Spd:300
2020-12-02 19:16:45,275 [ 1] INFO  Unity: SetDirection:(-70, -71, 0)
2020-12-02 19:16:45,275 [ 1] INFO  Unity: SendMapEntitySync:ID:2 Pos:SkillBridge.Message.NVector3 Dir:SkillBridge.Message.NVector3 Spd:300
2020-12-02 19:16:45,406 [ 1] INFO  Unity: SetDirection:(-57, -82, 0)
2020-12-02 19:16:45,407 [ 1] INFO  Unity: SendMapEntitySync:ID:2 Pos:SkillBridge.Message.NVector3 Dir:SkillBridge.Message.NVector3 Spd:300
2020-12-02 19:16:46,542 [ 1] INFO  Unity: SetDirection:(-73, -69, 0)
2020-12-02 19:16:46,543 [ 1] INFO  Unity: SendMapEntitySync:ID:2 Pos:SkillBridge.Message.NVector3 Dir:SkillBridge.Message.NVector3 Spd:300
2020-12-02 19:16:46,634 [ 1] INFO  Unity: SetDirection:(-85, -53, 0)
2020-12-02 19:16:46,636 [ 1] INFO  Unity: SendMapEntitySync:ID:2 Pos:SkillBridge.Message.NVector3 Dir:SkillBridge.Message.NVector3 Spd:300
2020-12-02 19:16:46,786 [ 1] INFO  Unity: SetDirection:(-93, -36, 0)
2020-12-02 19:16:46,787 [ 1] INFO  Unity: SendMapEntitySync:ID:2 Pos:SkillBridge.Message.NVector3 Dir:SkillBridge.Message.NVector3 Spd:300
2020-12-02 19:16:47,286 [ 1] INFO  Unity: SetDirection:(-98, -18, 0)
2020-12-02 19:16:47,287 [ 1] INFO  Unity: SendMapEntitySync:ID:2 Pos:SkillBridge.Message.NVector3 Dir:SkillBridge.Message.NVector3 Spd:300
2020-12-02 19:16:47,413 [ 1] INFO  Unity: SetDirection:(-100, 2, 0)
2020-12-02 19:16:47,414 [ 1] INFO  Unity: SendMapEntitySync:ID:2 Pos:SkillBridge.Message.NVector3 Dir:SkillBridge.Message.NVector3 Spd:300
2020-12-02 19:16:47,543 [ 1] INFO  Unity: SetDirection:(-98, 20, 0)
2020-12-02 19:16:47,544 [ 1] INFO  Unity: SendMapEntitySync:ID:2 Pos:SkillBridge.Message.NVector3 Dir:SkillBridge.Message.NVector3 Spd:300
2020-12-02 19:16:47,718 [ 1] INFO  Unity: Stop
2020-12-02 19:16:47,718 [ 1] INFO  Unity: SendMapEntitySync:ID:2 Pos:SkillBridge.Message.NVector3 Dir:SkillBridge.Message.NVector3 Spd:0
2020-12-02 19:16:49,682 [ 1] INFO  Unity: SetDirection:(-93, 38, 0)
2020-12-02 19:16:49,683 [ 1] INFO  Unity: SendMapEntitySync:ID:2 Pos:SkillBridge.Message.NVector3 Dir:SkillBridge.Message.NVector3 Spd:0
2020-12-02 19:16:49,791 [ 1] INFO  Unity: SetDirection:(-84, 54, 0)
2020-12-02 19:16:49,792 [ 1] INFO  Unity: SendMapEntitySync:ID:2 Pos:SkillBridge.Message.NVector3 Dir:SkillBridge.Message.NVector3 Spd:0
2020-12-02 19:16:49,927 [ 1] INFO  Unity: SetDirection:(-73, 68, 0)
2020-12-02 19:16:49,928 [ 1] INFO  Unity: SendMapEntitySync:ID:2 Pos:SkillBridge.Message.NVector3 Dir:SkillBridge.Message.NVector3 Spd:0
2020-12-02 19:17:13,272 [ 1] INFO  Unity: SendBuyItem
2020-12-02 19:17:14,874 [ 1] INFO  Unity: SendBuyItem
2020-12-02 19:17:34,921 [ 1] INFO  Unity: SendBuyItem
2020-12-02 19:17:37,205 [ 1] INFO  Unity: SetDirection:(-59, 81, 0)
2020-12-02 19:17:37,206 [ 1] INFO  Unity: SendMapEntitySync:ID:2 Pos:SkillBridge.Message.NVector3 Dir:SkillBridge.Message.NVector3 Spd:0
2020-12-02 19:17:37,316 [ 1] INFO  Unity: SetDirection:(-42, 91, 0)
2020-12-02 19:17:37,317 [ 1] INFO  Unity: SendMapEntitySync:ID:2 Pos:SkillBridge.Message.NVector3 Dir:SkillBridge.Message.NVector3 Spd:0
2020-12-02 19:17:37,419 [ 1] INFO  Unity: SetDirection:(-22, 97, 0)
2020-12-02 19:17:37,420 [ 1] INFO  Unity: SendMapEntitySync:ID:2 Pos:SkillBridge.Message.NVector3 Dir:SkillBridge.Message.NVector3 Spd:0
2020-12-02 19:17:37,522 [ 1] INFO  Unity: SetDirection:(-2, 100, 0)
2020-12-02 19:17:37,523 [ 1] INFO  Unity: SendMapEntitySync:ID:2 Pos:SkillBridge.Message.NVector3 Dir:SkillBridge.Message.NVector3 Spd:0
2020-12-02 19:17:37,606 [ 1] INFO  Unity: SetDirection:(16, 99, 0)
2020-12-02 19:17:37,606 [ 1] INFO  Unity: SendMapEntitySync:ID:2 Pos:SkillBridge.Message.NVector3 Dir:SkillBridge.Message.NVector3 Spd:0
2020-12-02 19:17:37,701 [ 1] INFO  Unity: SetDirection:(36, 93, 0)
2020-12-02 19:17:37,701 [ 1] INFO  Unity: SendMapEntitySync:ID:2 Pos:SkillBridge.Message.NVector3 Dir:SkillBridge.Message.NVector3 Spd:0
2020-12-02 19:17:37,807 [ 1] INFO  Unity: SetDirection:(55, 84, 0)
2020-12-02 19:17:37,807 [ 1] INFO  Unity: SendMapEntitySync:ID:2 Pos:SkillBridge.Message.NVector3 Dir:SkillBridge.Message.NVector3 Spd:0
2020-12-02 19:17:37,905 [ 1] INFO  Unity: SetDirection:(71, 71, 0)
2020-12-02 19:17:37,906 [ 1] INFO  Unity: SendMapEntitySync:ID:2 Pos:SkillBridge.Message.NVector3 Dir:SkillBridge.Message.NVector3 Spd:0
2020-12-02 19:17:37,991 [ 1] INFO  Unity: MoveForward
2020-12-02 19:17:37,992 [ 1] INFO  Unity: SendMapEntitySync:ID:2 Pos:SkillBridge.Message.NVector3 Dir:SkillBridge.Message.NVector3 Spd:300
2020-12-02 19:17:37,992 [ 1] INFO  Unity: SetDirection:(82, 57, 0)
2020-12-02 19:17:37,993 [ 1] INFO  Unity: SendMapEntitySync:ID:2 Pos:SkillBridge.Message.NVector3 Dir:SkillBridge.Message.NVector3 Spd:300
2020-12-02 19:17:38,092 [ 1] INFO  Unity: SetDirection:(91, 41, 0)
2020-12-02 19:17:38,093 [ 1] INFO  Unity: SendMapEntitySync:ID:2 Pos:SkillBridge.Message.NVector3 Dir:SkillBridge.Message.NVector3 Spd:300
2020-12-02 19:17:38,811 [ 1] INFO  Unity: SetDirection:(97, 24, 0)
2020-12-02 19:17:38,812 [ 1] INFO  Unity: SendMapEntitySync:ID:2 Pos:SkillBridge.Message.NVector3 Dir:SkillBridge.Message.NVector3 Spd:300
2020-12-02 19:17:39,009 [ 1] INFO  Unity: SetDirection:(100, 5, 0)
2020-12-02 19:17:39,011 [ 1] INFO  Unity: SendMapEntitySync:ID:2 Pos:SkillBridge.Message.NVector3 Dir:SkillBridge.Message.NVector3 Spd:300
2020-12-02 19:17:40,124 [ 1] INFO  Unity: SetDirection:(99, -13, 0)
2020-12-02 19:17:40,125 [ 1] INFO  Unity: SendMapEntitySync:ID:2 Pos:SkillBridge.Message.NVector3 Dir:SkillBridge.Message.NVector3 Spd:300
2020-12-02 19:17:40,280 [ 1] INFO  Unity: SetDirection:(95, -30, 0)
2020-12-02 19:17:40,281 [ 1] INFO  Unity: SendMapEntitySync:ID:2 Pos:SkillBridge.Message.NVector3 Dir:SkillBridge.Message.NVector3 Spd:300
2020-12-02 19:17:41,336 [ 1] INFO  Unity: SetPosition:(4894, 2956, 800)
2020-12-02 19:17:41,337 [ 1] INFO  Unity: SendMapEntitySync:ID:2 Pos:SkillBridge.Message.NVector3 Dir:SkillBridge.Message.NVector3 Spd:300
2020-12-02 19:17:41,553 [ 1] INFO  Unity: SetDirection:(99, -11, 0)
2020-12-02 19:17:41,554 [ 1] INFO  Unity: SendMapEntitySync:ID:2 Pos:SkillBridge.Message.NVector3 Dir:SkillBridge.Message.NVector3 Spd:300
2020-12-02 19:17:41,648 [ 1] INFO  Unity: SetDirection:(100, 9, 0)
2020-12-02 19:17:41,649 [ 1] INFO  Unity: SendMapEntitySync:ID:2 Pos:SkillBridge.Message.NVector3 Dir:SkillBridge.Message.NVector3 Spd:300
2020-12-02 19:17:41,734 [ 1] INFO  Unity: Stop
2020-12-02 19:17:41,735 [ 1] INFO  Unity: SendMapEntitySync:ID:2 Pos:SkillBridge.Message.NVector3 Dir:SkillBridge.Message.NVector3 Spd:0
2020-12-02 19:17:41,736 [ 1] INFO  Unity: SetDirection:(96, 26, 0)
2020-12-02 19:17:41,737 [ 1] INFO  Unity: SendMapEntitySync:ID:2 Pos:SkillBridge.Message.NVector3 Dir:SkillBridge.Message.NVector3 Spd:0
2020-12-02 19:17:41,816 [ 1] INFO  Unity: SetDirection:(90, 43, 0)
2020-12-02 19:17:41,817 [ 1] INFO  Unity: SendMapEntitySync:ID:2 Pos:SkillBridge.Message.NVector3 Dir:SkillBridge.Message.NVector3 Spd:0
2020-12-02 19:17:41,916 [ 1] INFO  Unity: SetDirection:(80, 61, 0)
2020-12-02 19:17:41,917 [ 1] INFO  Unity: SendMapEntitySync:ID:2 Pos:SkillBridge.Message.NVector3 Dir:SkillBridge.Message.NVector3 Spd:0
2020-12-02 19:17:42,019 [ 1] INFO  Unity: SetDirection:(65, 76, 0)
2020-12-02 19:17:42,020 [ 1] INFO  Unity: SendMapEntitySync:ID:2 Pos:SkillBridge.Message.NVector3 Dir:SkillBridge.Message.NVector3 Spd:0
2020-12-02 19:17:42,114 [ 1] INFO  Unity: SetDirection:(48, 88, 0)
2020-12-02 19:17:42,115 [ 1] INFO  Unity: SendMapEntitySync:ID:2 Pos:SkillBridge.Message.NVector3 Dir:SkillBridge.Message.NVector3 Spd:0
2020-12-02 19:17:42,220 [ 1] INFO  Unity: SetDirection:(29, 96, 0)
2020-12-02 19:17:42,221 [ 1] INFO  Unity: SendMapEntitySync:ID:2 Pos:SkillBridge.Message.NVector3 Dir:SkillBridge.Message.NVector3 Spd:0
2020-12-02 19:17:42,318 [ 1] INFO  Unity: SetDirection:(10, 99, 0)
2020-12-02 19:17:42,319 [ 1] INFO  Unity: SendMapEntitySync:ID:2 Pos:SkillBridge.Message.NVector3 Dir:SkillBridge.Message.NVector3 Spd:0
2020-12-02 19:17:42,500 [ 1] INFO  Unity: SetDirection:(-8, 100, 0)
2020-12-02 19:17:42,501 [ 1] INFO  Unity: SendMapEntitySync:ID:2 Pos:SkillBridge.Message.NVector3 Dir:SkillBridge.Message.NVector3 Spd:0
2020-12-02 19:17:59,562 [ 1] INFO  Unity: SendBuyItem
2020-12-02 19:17:59,591 [ 1] INFO  Unity: StatusNotify:[Item][Add]1:1
2020-12-02 19:17:59,592 [ 1] INFO  Unity: StatusNotify:[Money][Delete]0:10
2020-12-02 19:18:02,858 [ 1] INFO  Unity: LoadLevel: CharSelect
2020-12-02 19:18:02,860 [ 1] INFO  Unity: UserGameLeaveRequest
2020-12-02 19:18:02,937 [ 1] INFO  Unity: OnMapCharacterLeave:characterId:2
2020-12-02 19:18:02,939 [ 1] INFO  Unity: RemoveCharacter:2
2020-12-02 19:18:02,940 [ 1] INFO  Unity: OnGameLeave:Success [None]
2020-12-02 19:18:02,941 [ 1] INFO  Unity: Character_2_4456 OnDestroy :ID:2 POS:(5009, 2926, 800) DIR:(-8, 100, 0) SPD:0 
2020-12-02 19:18:03,003 [ 1] INFO  Unity: LevelLoadCompleted:1
2020-12-02 19:18:03,004 [ 1] INFO  Unity: 111
2020-12-02 19:18:04,463 [ 1] INFO  Unity: SendUserGameEnter::roleInex :4
2020-12-02 19:18:04,483 [ 1] INFO  Unity: OnGameEnter:Success [None]
2020-12-02 19:18:04,485 [ 1] INFO  Unity: ItemManage:Init[ID:1,Count:20]
2020-12-02 19:18:04,486 [ 1] INFO  Unity: ItemManage:Init[ID:2,Count:10]
2020-12-02 19:18:04,487 [ 1] INFO  Unity: OnMapCharacterEnter:Map:1 Count:1
2020-12-02 19:18:04,488 [ 1] INFO  Unity: AddCharacter:3:4456 Map:1 Entity:(3:pos:(5000,4000,820),dir:(100,0,0),spd:0
2020-12-02 19:18:04,490 [ 1] INFO  Unity: LoadLevel: MainCity
2020-12-02 19:18:05,090 [ 1] WARN  Unity: No mesh data available for mesh Sphere001 on particle system fx_portal. Make sure Read/Write Enabled is set in the importer to work on the particle system renderer

2020-12-02 19:18:05,091 [ 1] WARN  Unity: No mesh data available for mesh Sphere001 on particle system fx_portal. Make sure Read/Write Enabled is set in the importer to work on the particle system renderer

2020-12-02 19:18:05,205 [ 1] WARN  Unity: MainPlayerCamera[-504488] Awake
UnityEngine.Debug:LogWarningFormat(String, Object[])
MonoSingleton`1:Awake() (at Assets/Scripts/Utilities/MonoSingleton.cs:22)

2020-12-02 19:18:05,206 [ 1] WARN  Unity: UIWorldElementManager[152242] Awake
UnityEngine.Debug:LogWarningFormat(String, Object[])
MonoSingleton`1:Awake() (at Assets/Scripts/Utilities/MonoSingleton.cs:22)

2020-12-02 19:18:05,207 [ 1] WARN  Unity: UIMain[152790] Awake
UnityEngine.Debug:LogWarningFormat(String, Object[])
MonoSingleton`1:Awake() (at Assets/Scripts/Utilities/MonoSingleton.cs:22)

2020-12-02 19:18:05,207 [ 1] WARN  Unity: GameObjectManager[-505904] Awake
UnityEngine.Debug:LogWarningFormat(String, Object[])
MonoSingleton`1:Awake() (at Assets/Scripts/Utilities/MonoSingleton.cs:22)

2020-12-02 19:18:05,238 [ 1] INFO  Unity: LevelLoadCompleted:1
2020-12-02 19:18:07,317 [ 1] INFO  Unity: SetDirection:(98, -17, 0)
2020-12-02 19:18:07,317 [ 1] INFO  Unity: SendMapEntitySync:ID:3 Pos:SkillBridge.Message.NVector3 Dir:SkillBridge.Message.NVector3 Spd:0
2020-12-02 19:18:07,414 [ 1] INFO  Unity: SetDirection:(94, -35, 0)
2020-12-02 19:18:07,416 [ 1] INFO  Unity: SendMapEntitySync:ID:3 Pos:SkillBridge.Message.NVector3 Dir:SkillBridge.Message.NVector3 Spd:0
2020-12-02 19:18:07,495 [ 1] INFO  Unity: SetDirection:(86, -51, 0)
2020-12-02 19:18:07,496 [ 1] INFO  Unity: SendMapEntitySync:ID:3 Pos:SkillBridge.Message.NVector3 Dir:SkillBridge.Message.NVector3 Spd:0
2020-12-02 19:18:07,601 [ 1] INFO  Unity: SetDirection:(74, -68, 0)
2020-12-02 19:18:07,602 [ 1] INFO  Unity: SendMapEntitySync:ID:3 Pos:SkillBridge.Message.NVector3 Dir:SkillBridge.Message.NVector3 Spd:0
2020-12-02 19:18:07,692 [ 1] INFO  Unity: SetDirection:(59, -81, 0)
2020-12-02 19:18:07,693 [ 1] INFO  Unity: SendMapEntitySync:ID:3 Pos:SkillBridge.Message.NVector3 Dir:SkillBridge.Message.NVector3 Spd:0
2020-12-02 19:18:07,825 [ 1] INFO  Unity: SetDirection:(44, -90, 0)
2020-12-02 19:18:07,826 [ 1] INFO  Unity: SendMapEntitySync:ID:3 Pos:SkillBridge.Message.NVector3 Dir:SkillBridge.Message.NVector3 Spd:0
2020-12-02 19:18:10,403 [ 1] INFO  Unity: SendBuyItem
2020-12-02 19:18:10,434 [ 1] INFO  Unity: StatusNotify:[Item][Add]1:1
2020-12-02 19:18:10,435 [ 1] INFO  Unity: StatusNotify:[Money][Delete]0:10
2020-12-02 19:18:12,899 [ 1] INFO  Unity: SetDirection:(27, -96, 0)
2020-12-02 19:18:12,900 [ 1] INFO  Unity: SendMapEntitySync:ID:3 Pos:SkillBridge.Message.NVector3 Dir:SkillBridge.Message.NVector3 Spd:0
2020-12-02 19:18:13,018 [ 1] INFO  Unity: SetDirection:(10, -100, 0)
2020-12-02 19:18:13,019 [ 1] INFO  Unity: SendMapEntitySync:ID:3 Pos:SkillBridge.Message.NVector3 Dir:SkillBridge.Message.NVector3 Spd:0
2020-12-02 19:18:13,101 [ 1] INFO  Unity: SetDirection:(-8, -100, 0)
2020-12-02 19:18:13,102 [ 1] INFO  Unity: SendMapEntitySync:ID:3 Pos:SkillBridge.Message.NVector3 Dir:SkillBridge.Message.NVector3 Spd:0
2020-12-02 19:18:13,210 [ 1] INFO  Unity: SetDirection:(-28, -96, 0)
2020-12-02 19:18:13,211 [ 1] INFO  Unity: SendMapEntitySync:ID:3 Pos:SkillBridge.Message.NVector3 Dir:SkillBridge.Message.NVector3 Spd:0
2020-12-02 19:18:13,295 [ 1] INFO  Unity: SetDirection:(-44, -90, 0)
2020-12-02 19:18:13,297 [ 1] INFO  Unity: SendMapEntitySync:ID:3 Pos:SkillBridge.Message.NVector3 Dir:SkillBridge.Message.NVector3 Spd:0
2020-12-02 19:18:13,389 [ 1] INFO  Unity: SetDirection:(-61, -79, 0)
2020-12-02 19:18:13,390 [ 1] INFO  Unity: SendMapEntitySync:ID:3 Pos:SkillBridge.Message.NVector3 Dir:SkillBridge.Message.NVector3 Spd:0
2020-12-02 19:18:13,540 [ 1] INFO  Unity: SetDirection:(-74, -67, 0)
2020-12-02 19:18:13,540 [ 1] INFO  Unity: SendMapEntitySync:ID:3 Pos:SkillBridge.Message.NVector3 Dir:SkillBridge.Message.NVector3 Spd:0
2020-12-02 19:18:15,201 [ 1] INFO  Unity: MoveForward
2020-12-02 19:18:15,202 [ 1] INFO  Unity: SendMapEntitySync:ID:3 Pos:SkillBridge.Message.NVector3 Dir:SkillBridge.Message.NVector3 Spd:300
2020-12-02 19:18:15,312 [ 1] INFO  Unity: SetDirection:(-61, -79, 0)
2020-12-02 19:18:15,313 [ 1] INFO  Unity: SendMapEntitySync:ID:3 Pos:SkillBridge.Message.NVector3 Dir:SkillBridge.Message.NVector3 Spd:300
2020-12-02 19:18:15,410 [ 1] INFO  Unity: SetDirection:(-45, -89, 0)
2020-12-02 19:18:15,411 [ 1] INFO  Unity: SendMapEntitySync:ID:3 Pos:SkillBridge.Message.NVector3 Dir:SkillBridge.Message.NVector3 Spd:300
2020-12-02 19:18:15,493 [ 1] INFO  Unity: SetDirection:(-28, -96, 0)
2020-12-02 19:18:15,493 [ 1] INFO  Unity: SendMapEntitySync:ID:3 Pos:SkillBridge.Message.NVector3 Dir:SkillBridge.Message.NVector3 Spd:300
2020-12-02 19:18:15,594 [ 1] INFO  Unity: SetDirection:(-8, -100, 0)
2020-12-02 19:18:15,595 [ 1] INFO  Unity: SendMapEntitySync:ID:3 Pos:SkillBridge.Message.NVector3 Dir:SkillBridge.Message.NVector3 Spd:300
2020-12-02 19:18:15,690 [ 1] INFO  Unity: SetDirection:(12, -99, 0)
2020-12-02 19:18:15,691 [ 1] INFO  Unity: SendMapEntitySync:ID:3 Pos:SkillBridge.Message.NVector3 Dir:SkillBridge.Message.NVector3 Spd:300
2020-12-02 19:18:15,821 [ 1] INFO  Unity: SetDirection:(31, -95, 0)
2020-12-02 19:18:15,822 [ 1] INFO  Unity: SendMapEntitySync:ID:3 Pos:SkillBridge.Message.NVector3 Dir:SkillBridge.Message.NVector3 Spd:300
2020-12-02 19:18:16,661 [ 1] INFO  Unity: Stop
2020-12-02 19:18:16,662 [ 1] INFO  Unity: SendMapEntitySync:ID:3 Pos:SkillBridge.Message.NVector3 Dir:SkillBridge.Message.NVector3 Spd:0
2020-12-02 19:18:53,413 [ 1] INFO  Unity: MoveForward
2020-12-02 19:18:53,414 [ 1] INFO  Unity: SendMapEntitySync:ID:3 Pos:SkillBridge.Message.NVector3 Dir:SkillBridge.Message.NVector3 Spd:300
2020-12-02 19:18:54,920 [ 1] INFO  Unity: SetDirection:(14, -99, 0)
2020-12-02 19:18:54,921 [ 1] INFO  Unity: SendMapEntitySync:ID:3 Pos:SkillBridge.Message.NVector3 Dir:SkillBridge.Message.NVector3 Spd:300
2020-12-02 19:18:55,022 [ 1] INFO  Unity: SetDirection:(-6, -100, 0)
2020-12-02 19:18:55,022 [ 1] INFO  Unity: SendMapEntitySync:ID:3 Pos:SkillBridge.Message.NVector3 Dir:SkillBridge.Message.NVector3 Spd:300
2020-12-02 19:18:55,110 [ 1] INFO  Unity: SetDirection:(-24, -97, 0)
2020-12-02 19:18:55,111 [ 1] INFO  Unity: SendMapEntitySync:ID:3 Pos:SkillBridge.Message.NVector3 Dir:SkillBridge.Message.NVector3 Spd:300
2020-12-02 19:18:55,209 [ 1] INFO  Unity: SetDirection:(-43, -90, 0)
2020-12-02 19:18:55,210 [ 1] INFO  Unity: SendMapEntitySync:ID:3 Pos:SkillBridge.Message.NVector3 Dir:SkillBridge.Message.NVector3 Spd:300
2020-12-02 19:18:55,289 [ 1] INFO  Unity: SetDirection:(-58, -81, 0)
2020-12-02 19:18:55,290 [ 1] INFO  Unity: SendMapEntitySync:ID:3 Pos:SkillBridge.Message.NVector3 Dir:SkillBridge.Message.NVector3 Spd:300
2020-12-02 19:18:55,374 [ 1] INFO  Unity: SetDirection:(-72, -70, 0)
2020-12-02 19:18:55,375 [ 1] INFO  Unity: SendMapEntitySync:ID:3 Pos:SkillBridge.Message.NVector3 Dir:SkillBridge.Message.NVector3 Spd:300
2020-12-02 19:18:55,480 [ 1] INFO  Unity: SetDirection:(-84, -54, 0)
2020-12-02 19:18:55,480 [ 1] INFO  Unity: SendMapEntitySync:ID:3 Pos:SkillBridge.Message.NVector3 Dir:SkillBridge.Message.NVector3 Spd:300
2020-12-02 19:18:55,630 [ 1] INFO  Unity: SetDirection:(-92, -38, 0)
2020-12-02 19:18:55,630 [ 1] INFO  Unity: SendMapEntitySync:ID:3 Pos:SkillBridge.Message.NVector3 Dir:SkillBridge.Message.NVector3 Spd:300
2020-12-02 19:18:55,767 [ 1] INFO  Unity: Stop
2020-12-02 19:18:55,768 [ 1] INFO  Unity: SendMapEntitySync:ID:3 Pos:SkillBridge.Message.NVector3 Dir:SkillBridge.Message.NVector3 Spd:0
2020-12-02 19:18:55,996 [ 1] INFO  Unity: MoveBack
2020-12-02 19:18:55,997 [ 1] INFO  Unity: SendMapEntitySync:ID:3 Pos:SkillBridge.Message.NVector3 Dir:SkillBridge.Message.NVector3 Spd:-300
2020-12-02 19:18:56,504 [ 1] INFO  Unity: Stop
2020-12-02 19:18:56,505 [ 1] INFO  Unity: SendMapEntitySync:ID:3 Pos:SkillBridge.Message.NVector3 Dir:SkillBridge.Message.NVector3 Spd:0
2020-12-02 19:18:56,519 [ 1] INFO  Unity: MoveForward
2020-12-02 19:18:56,520 [ 1] INFO  Unity: SendMapEntitySync:ID:3 Pos:SkillBridge.Message.NVector3 Dir:SkillBridge.Message.NVector3 Spd:300
2020-12-02 19:18:57,499 [ 1] INFO  Unity: Stop
2020-12-02 19:18:57,499 [ 1] INFO  Unity: SendMapEntitySync:ID:3 Pos:SkillBridge.Message.NVector3 Dir:SkillBridge.Message.NVector3 Spd:0
2020-12-02 19:18:57,514 [ 1] INFO  Unity: MoveBack
2020-12-02 19:18:57,515 [ 1] INFO  Unity: SendMapEntitySync:ID:3 Pos:SkillBridge.Message.NVector3 Dir:SkillBridge.Message.NVector3 Spd:-300
2020-12-02 19:18:57,777 [ 1] INFO  Unity: Stop
2020-12-02 19:18:57,778 [ 1] INFO  Unity: SendMapEntitySync:ID:3 Pos:SkillBridge.Message.NVector3 Dir:SkillBridge.Message.NVector3 Spd:0
2020-12-02 19:18:59,219 [ 1] INFO  Unity: SetDirection:(-98, -21, 0)
2020-12-02 19:18:59,220 [ 1] INFO  Unity: SendMapEntitySync:ID:3 Pos:SkillBridge.Message.NVector3 Dir:SkillBridge.Message.NVector3 Spd:0
2020-12-02 19:18:59,953 [ 1] INFO  Unity: MoveForward
2020-12-02 19:18:59,954 [ 1] INFO  Unity: SendMapEntitySync:ID:3 Pos:SkillBridge.Message.NVector3 Dir:SkillBridge.Message.NVector3 Spd:300
2020-12-02 19:19:01,146 [ 1] INFO  Unity: SetDirection:(-100, -3, 0)
2020-12-02 19:19:01,147 [ 1] INFO  Unity: SendMapEntitySync:ID:3 Pos:SkillBridge.Message.NVector3 Dir:SkillBridge.Message.NVector3 Spd:300
2020-12-02 19:19:01,384 [ 1] INFO  Unity: Stop
2020-12-02 19:19:01,385 [ 1] INFO  Unity: SendMapEntitySync:ID:3 Pos:SkillBridge.Message.NVector3 Dir:SkillBridge.Message.NVector3 Spd:0
2020-12-02 19:19:01,595 [ 1] INFO  Unity: MoveBack
2020-12-02 19:19:01,596 [ 1] INFO  Unity: SendMapEntitySync:ID:3 Pos:SkillBridge.Message.NVector3 Dir:SkillBridge.Message.NVector3 Spd:-300
2020-12-02 19:19:02,059 [ 1] INFO  Unity: Stop
2020-12-02 19:19:02,060 [ 1] INFO  Unity: SendMapEntitySync:ID:3 Pos:SkillBridge.Message.NVector3 Dir:SkillBridge.Message.NVector3 Spd:0
2020-12-02 19:19:03,869 [ 1] INFO  Unity: MoveForward
2020-12-02 19:19:03,870 [ 1] INFO  Unity: SendMapEntitySync:ID:3 Pos:SkillBridge.Message.NVector3 Dir:SkillBridge.Message.NVector3 Spd:300
2020-12-02 19:19:04,335 [ 1] INFO  Unity: Stop
2020-12-02 19:19:04,336 [ 1] INFO  Unity: SendMapEntitySync:ID:3 Pos:SkillBridge.Message.NVector3 Dir:SkillBridge.Message.NVector3 Spd:0
2020-12-02 19:19:04,355 [ 1] INFO  Unity: MoveBack
2020-12-02 19:19:04,356 [ 1] INFO  Unity: SendMapEntitySync:ID:3 Pos:SkillBridge.Message.NVector3 Dir:SkillBridge.Message.NVector3 Spd:-300
2020-12-02 19:19:04,613 [ 1] INFO  Unity: Stop
2020-12-02 19:19:04,614 [ 1] INFO  Unity: SendMapEntitySync:ID:3 Pos:SkillBridge.Message.NVector3 Dir:SkillBridge.Message.NVector3 Spd:0
2020-12-02 19:19:28,428 [ 1] INFO  Unity: MoveForward
2020-12-02 19:19:28,429 [ 1] INFO  Unity: SendMapEntitySync:ID:3 Pos:SkillBridge.Message.NVector3 Dir:SkillBridge.Message.NVector3 Spd:300
2020-12-02 19:19:29,245 [ 1] INFO  Unity: Stop
2020-12-02 19:19:29,246 [ 1] INFO  Unity: SendMapEntitySync:ID:3 Pos:SkillBridge.Message.NVector3 Dir:SkillBridge.Message.NVector3 Spd:0
2020-12-02 19:19:29,321 [ 1] INFO  Unity: MoveBack
2020-12-02 19:19:29,322 [ 1] INFO  Unity: SendMapEntitySync:ID:3 Pos:SkillBridge.Message.NVector3 Dir:SkillBridge.Message.NVector3 Spd:-300
2020-12-02 19:19:29,646 [ 1] INFO  Unity: Stop
2020-12-02 19:19:29,647 [ 1] INFO  Unity: SendMapEntitySync:ID:3 Pos:SkillBridge.Message.NVector3 Dir:SkillBridge.Message.NVector3 Spd:0
2020-12-02 19:19:35,623 [ 1] INFO  Unity: Character_3_4456 OnDestroy :ID:3 POS:(4543, 2836, 820) DIR:(-100, -3, 0) SPD:0 
2020-12-02 19:19:35,625 [ 1] INFO  Unity: OnDestroy NetworkManager.
2020-12-02 19:19:35,626 [ 1] WARN  Unity: CloseConnection(), errorCode: 1007
UnityEngine.Debug:LogWarning(Object)
Network.NetClient:CloseConnection(Int32) (at Assets/Scripts/Network/NetClient.cs:176)
Network.NetClient:OnDestroy() (at Assets/Scripts/Network/NetClient.cs:171)

